============================================================
  Generated by:           Genus(TM) Synthesis Solution 21.18-s082_1
  Generated on:           Feb 24 2025  12:49:24 am
  Module:                 rapid_x_cpu
  Operating conditions:   typical (balanced_tree)
  Wireload mode:          enclosed
  Area mode:              timing library
============================================================

Timing
--------

Clock  Period 
--------------
i_clk 10000.0 


  Cost    Critical         Violating 
 Group   Path Slack  TNS     Paths   
-------------------------------------
default    No paths   0.0            
i_clk        5472.1   0.0          0 
-------------------------------------
Total                 0.0          0 

Instance Count
--------------
Leaf Instance Count             8805 
Physical Instance count            0 
Sequential Instance Count       1997 
Combinational Instance Count    6808 
Hierarchical Instance Count        2 

Area
----
Cell Area                          20178.494
Physical Cell Area                 0.000
Total Cell Area (Cell+Physical)    20178.494
Net Area                           0.000
Total Area (Cell+Physical+Net)     20178.494

Max Fanout                         1966 (i_clk)
Min Fanout                         0 (de_instruction[8])
Average Fanout                     2.8
Terms to net ratio                 3.9926
Terms to instance ratio            4.4514
Runtime                            237.1195210000001 seconds
Elapsed Runtime                    235 seconds
Genus peak memory usage            1868.07 
Innovus peak memory usage          no_value 
Hostname                           net1580.net.ucf.edu
