Time resolution is 1 ps
WARNING: 0ns : none of the conditions were true for unique case from File:U:/Senior Design/Youssef/NOVA_Core/SystemVerilog/cpu_memory_unit.sv:136
WARNING: 0ns : none of the conditions were true for unique case from File:U:/Senior Design/Youssef/NOVA_Core/SystemVerilog/cpu_memory_unit.sv:148
WARNING: 0ns : none of the conditions were true for unique case from File:U:/Senior Design/Youssef/NOVA_Core/SystemVerilog/cpu_memory_unit.sv:163
WARNING: 5ns : none of the conditions were true for unique case from File:U:/Senior Design/Youssef/NOVA_Core/SystemVerilog/cpu_memory_unit.sv:136
WARNING: 5ns : none of the conditions were true for unique case from File:U:/Senior Design/Youssef/NOVA_Core/SystemVerilog/cpu_memory_unit.sv:148
WARNING: 5ns : none of the conditions were true for unique case from File:U:/Senior Design/Youssef/NOVA_Core/SystemVerilog/cpu_memory_unit.sv:163
WARNING: 5ns : none of the conditions were true for unique case from File:U:/Senior Design/Youssef/NOVA_Core/SystemVerilog/cpu_memory_unit.sv:136
WARNING: 5ns : none of the conditions were true for unique case from File:U:/Senior Design/Youssef/NOVA_Core/SystemVerilog/cpu_memory_unit.sv:148
WARNING: 5ns : none of the conditions were true for unique case from File:U:/Senior Design/Youssef/NOVA_Core/SystemVerilog/cpu_memory_unit.sv:163
WARNING: 5ns : none of the conditions were true for unique case from File:U:/Senior Design/Youssef/NOVA_Core/SystemVerilog/cpu_memory_unit.sv:136
WARNING: 5ns : none of the conditions were true for unique case from File:U:/Senior Design/Youssef/NOVA_Core/SystemVerilog/cpu_memory_unit.sv:148
WARNING: 5ns : none of the conditions were true for unique case from File:U:/Senior Design/Youssef/NOVA_Core/SystemVerilog/cpu_memory_unit.sv:163
WARNING: 5ns : none of the conditions were true for unique case from File:U:/Senior Design/Youssef/NOVA_Core/SystemVerilog/cpu_memory_unit.sv:136
WARNING: 5ns : none of the conditions were true for unique case from File:U:/Senior Design/Youssef/NOVA_Core/SystemVerilog/cpu_memory_unit.sv:148
WARNING: 5ns : none of the conditions were true for unique case from File:U:/Senior Design/Youssef/NOVA_Core/SystemVerilog/cpu_memory_unit.sv:163
WARNING: 7ns : none of the conditions were true for unique case from File:U:/Senior Design/Youssef/NOVA_Core/SystemVerilog/cpu_memory_unit.sv:136
WARNING: 7ns : none of the conditions were true for unique case from File:U:/Senior Design/Youssef/NOVA_Core/SystemVerilog/cpu_memory_unit.sv:148
WARNING: 7ns : none of the conditions were true for unique case from File:U:/Senior Design/Youssef/NOVA_Core/SystemVerilog/cpu_memory_unit.sv:163
[FAKEMEM] ReadReq  block [00000000]
WARNING: 9ns : none of the conditions were true for unique case from File:U:/Senior Design/Youssef/NOVA_Core/SystemVerilog/cpu_memory_unit.sv:136
WARNING: 9ns : none of the conditions were true for unique case from File:U:/Senior Design/Youssef/NOVA_Core/SystemVerilog/cpu_memory_unit.sv:148
WARNING: 9ns : none of the conditions were true for unique case from File:U:/Senior Design/Youssef/NOVA_Core/SystemVerilog/cpu_memory_unit.sv:163
WARNING: 23ns : none of the conditions were true for unique case from File:U:/Senior Design/Youssef/NOVA_Core/SystemVerilog/cpu_memory_unit.sv:136
WARNING: 23ns : none of the conditions were true for unique case from File:U:/Senior Design/Youssef/NOVA_Core/SystemVerilog/cpu_memory_unit.sv:148
WARNING: 23ns : none of the conditions were true for unique case from File:U:/Senior Design/Youssef/NOVA_Core/SystemVerilog/cpu_memory_unit.sv:163
WARNING: 25ns : none of the conditions were true for unique case from File:U:/Senior Design/Youssef/NOVA_Core/SystemVerilog/cpu_memory_unit.sv:136
WARNING: 25ns : none of the conditions were true for unique case from File:U:/Senior Design/Youssef/NOVA_Core/SystemVerilog/cpu_memory_unit.sv:148
WARNING: 25ns : none of the conditions were true for unique case from File:U:/Senior Design/Youssef/NOVA_Core/SystemVerilog/cpu_memory_unit.sv:163
WARNING: 29ns : none of the conditions were true for unique case from File:U:/Senior Design/Youssef/NOVA_Core/SystemVerilog/cpu_memory_unit.sv:136
WARNING: 29ns : none of the conditions were true for unique case from File:U:/Senior Design/Youssef/NOVA_Core/SystemVerilog/cpu_memory_unit.sv:148
WARNING: 29ns : none of the conditions were true for unique case from File:U:/Senior Design/Youssef/NOVA_Core/SystemVerilog/cpu_memory_unit.sv:163
WARNING: 31ns : none of the conditions were true for unique case from File:U:/Senior Design/Youssef/NOVA_Core/SystemVerilog/cpu_memory_unit.sv:136
WARNING: 31ns : none of the conditions were true for unique case from File:U:/Senior Design/Youssef/NOVA_Core/SystemVerilog/cpu_memory_unit.sv:148
WARNING: 31ns : none of the conditions were true for unique case from File:U:/Senior Design/Youssef/NOVA_Core/SystemVerilog/cpu_memory_unit.sv:163
WARNING: 35ns : none of the conditions were true for unique case from File:U:/Senior Design/Youssef/NOVA_Core/SystemVerilog/cpu_memory_unit.sv:136
WARNING: 35ns : none of the conditions were true for unique case from File:U:/Senior Design/Youssef/NOVA_Core/SystemVerilog/cpu_memory_unit.sv:148
WARNING: 35ns : none of the conditions were true for unique case from File:U:/Senior Design/Youssef/NOVA_Core/SystemVerilog/cpu_memory_unit.sv:163
WARNING: 37ns : none of the conditions were true for unique case from File:U:/Senior Design/Youssef/NOVA_Core/SystemVerilog/cpu_memory_unit.sv:136
WARNING: 37ns : none of the conditions were true for unique case from File:U:/Senior Design/Youssef/NOVA_Core/SystemVerilog/cpu_memory_unit.sv:148
WARNING: 37ns : none of the conditions were true for unique case from File:U:/Senior Design/Youssef/NOVA_Core/SystemVerilog/cpu_memory_unit.sv:163
[FAKEMEM] ReadReq  block [00000010]
WARNING: 41ns : none of the conditions were true for unique case from File:U:/Senior Design/Youssef/NOVA_Core/SystemVerilog/cpu_memory_unit.sv:136
WARNING: 41ns : none of the conditions were true for unique case from File:U:/Senior Design/Youssef/NOVA_Core/SystemVerilog/cpu_memory_unit.sv:148
WARNING: 41ns : none of the conditions were true for unique case from File:U:/Senior Design/Youssef/NOVA_Core/SystemVerilog/cpu_memory_unit.sv:163
WARNING: 43ns : none of the conditions were true for unique case from File:U:/Senior Design/Youssef/NOVA_Core/SystemVerilog/cpu_memory_unit.sv:136
WARNING: 43ns : none of the conditions were true for unique case from File:U:/Senior Design/Youssef/NOVA_Core/SystemVerilog/cpu_memory_unit.sv:148
WARNING: 43ns : none of the conditions were true for unique case from File:U:/Senior Design/Youssef/NOVA_Core/SystemVerilog/cpu_memory_unit.sv:163
WARNING: 61ns : none of the conditions were true for unique case from File:U:/Senior Design/Youssef/NOVA_Core/SystemVerilog/cpu_memory_unit.sv:136
WARNING: 61ns : none of the conditions were true for unique case from File:U:/Senior Design/Youssef/NOVA_Core/SystemVerilog/cpu_memory_unit.sv:148
WARNING: 61ns : none of the conditions were true for unique case from File:U:/Senior Design/Youssef/NOVA_Core/SystemVerilog/cpu_memory_unit.sv:163
WARNING: 63ns : none of the conditions were true for unique case from File:U:/Senior Design/Youssef/NOVA_Core/SystemVerilog/cpu_memory_unit.sv:136
WARNING: 63ns : none of the conditions were true for unique case from File:U:/Senior Design/Youssef/NOVA_Core/SystemVerilog/cpu_memory_unit.sv:148
WARNING: 63ns : none of the conditions were true for unique case from File:U:/Senior Design/Youssef/NOVA_Core/SystemVerilog/cpu_memory_unit.sv:163
WARNING: 67ns : none of the conditions were true for unique case from File:U:/Senior Design/Youssef/NOVA_Core/SystemVerilog/cpu_memory_unit.sv:136
WARNING: 67ns : none of the conditions were true for unique case from File:U:/Senior Design/Youssef/NOVA_Core/SystemVerilog/cpu_memory_unit.sv:148
WARNING: 67ns : none of the conditions were true for unique case from File:U:/Senior Design/Youssef/NOVA_Core/SystemVerilog/cpu_memory_unit.sv:163
WARNING: 67ns : none of the conditions were true for unique case from File:U:/Senior Design/Youssef/NOVA_Core/SystemVerilog/cpu_memory_unit.sv:136
WARNING: 67ns : none of the conditions were true for unique case from File:U:/Senior Design/Youssef/NOVA_Core/SystemVerilog/cpu_memory_unit.sv:148
WARNING: 67ns : none of the conditions were true for unique case from File:U:/Senior Design/Youssef/NOVA_Core/SystemVerilog/cpu_memory_unit.sv:163
WARNING: 69ns : none of the conditions were true for unique case from File:U:/Senior Design/Youssef/NOVA_Core/SystemVerilog/cpu_memory_unit.sv:136
WARNING: 69ns : none of the conditions were true for unique case from File:U:/Senior Design/Youssef/NOVA_Core/SystemVerilog/cpu_memory_unit.sv:148
WARNING: 69ns : none of the conditions were true for unique case from File:U:/Senior Design/Youssef/NOVA_Core/SystemVerilog/cpu_memory_unit.sv:163
WARNING: 69ns : none of the conditions were true for unique case from File:U:/Senior Design/Youssef/NOVA_Core/SystemVerilog/cpu_memory_unit.sv:136
WARNING: 69ns : none of the conditions were true for unique case from File:U:/Senior Design/Youssef/NOVA_Core/SystemVerilog/cpu_memory_unit.sv:148
WARNING: 69ns : none of the conditions were true for unique case from File:U:/Senior Design/Youssef/NOVA_Core/SystemVerilog/cpu_memory_unit.sv:163
[FAKEMEM] ReadReq  block [00000020]
WARNING: 73ns : none of the conditions were true for unique case from File:U:/Senior Design/Youssef/NOVA_Core/SystemVerilog/cpu_memory_unit.sv:136
WARNING: 73ns : none of the conditions were true for unique case from File:U:/Senior Design/Youssef/NOVA_Core/SystemVerilog/cpu_memory_unit.sv:148
WARNING: 73ns : none of the conditions were true for unique case from File:U:/Senior Design/Youssef/NOVA_Core/SystemVerilog/cpu_memory_unit.sv:163
WARNING: 73ns : none of the conditions were true for unique case from File:U:/Senior Design/Youssef/NOVA_Core/SystemVerilog/cpu_memory_unit.sv:136
WARNING: 73ns : none of the conditions were true for unique case from File:U:/Senior Design/Youssef/NOVA_Core/SystemVerilog/cpu_memory_unit.sv:148
WARNING: 73ns : none of the conditions were true for unique case from File:U:/Senior Design/Youssef/NOVA_Core/SystemVerilog/cpu_memory_unit.sv:163
WARNING: 75ns : none of the conditions were true for unique case from File:U:/Senior Design/Youssef/NOVA_Core/SystemVerilog/cpu_memory_unit.sv:136
WARNING: 75ns : none of the conditions were true for unique case from File:U:/Senior Design/Youssef/NOVA_Core/SystemVerilog/cpu_memory_unit.sv:148
WARNING: 75ns : none of the conditions were true for unique case from File:U:/Senior Design/Youssef/NOVA_Core/SystemVerilog/cpu_memory_unit.sv:163
WARNING: 75ns : none of the conditions were true for unique case from File:U:/Senior Design/Youssef/NOVA_Core/SystemVerilog/cpu_memory_unit.sv:136
WARNING: 75ns : none of the conditions were true for unique case from File:U:/Senior Design/Youssef/NOVA_Core/SystemVerilog/cpu_memory_unit.sv:148
WARNING: 75ns : none of the conditions were true for unique case from File:U:/Senior Design/Youssef/NOVA_Core/SystemVerilog/cpu_memory_unit.sv:163
WARNING: 99ns : none of the conditions were true for unique case from File:U:/Senior Design/Youssef/NOVA_Core/SystemVerilog/cpu_memory_unit.sv:136
WARNING: 99ns : none of the conditions were true for unique case from File:U:/Senior Design/Youssef/NOVA_Core/SystemVerilog/cpu_memory_unit.sv:148
WARNING: 99ns : none of the conditions were true for unique case from File:U:/Senior Design/Youssef/NOVA_Core/SystemVerilog/cpu_memory_unit.sv:163
WARNING: 99ns : none of the conditions were true for unique case from File:U:/Senior Design/Youssef/NOVA_Core/SystemVerilog/cpu_memory_unit.sv:136
WARNING: 99ns : none of the conditions were true for unique case from File:U:/Senior Design/Youssef/NOVA_Core/SystemVerilog/cpu_memory_unit.sv:148
WARNING: 99ns : none of the conditions were true for unique case from File:U:/Senior Design/Youssef/NOVA_Core/SystemVerilog/cpu_memory_unit.sv:163
WARNING: 101ns : none of the conditions were true for unique case from File:U:/Senior Design/Youssef/NOVA_Core/SystemVerilog/cpu_memory_unit.sv:136
WARNING: 101ns : none of the conditions were true for unique case from File:U:/Senior Design/Youssef/NOVA_Core/SystemVerilog/cpu_memory_unit.sv:148
WARNING: 101ns : none of the conditions were true for unique case from File:U:/Senior Design/Youssef/NOVA_Core/SystemVerilog/cpu_memory_unit.sv:163
WARNING: 101ns : none of the conditions were true for unique case from File:U:/Senior Design/Youssef/NOVA_Core/SystemVerilog/cpu_memory_unit.sv:136
WARNING: 101ns : none of the conditions were true for unique case from File:U:/Senior Design/Youssef/NOVA_Core/SystemVerilog/cpu_memory_unit.sv:148
WARNING: 101ns : none of the conditions were true for unique case from File:U:/Senior Design/Youssef/NOVA_Core/SystemVerilog/cpu_memory_unit.sv:163
[FAKEMEM] ReadReq  block [00000030]
WARNING: 125ns : none of the conditions were true for unique case from File:U:/Senior Design/Youssef/NOVA_Core/SystemVerilog/cpu_memory_unit.sv:136
WARNING: 125ns : none of the conditions were true for unique case from File:U:/Senior Design/Youssef/NOVA_Core/SystemVerilog/cpu_memory_unit.sv:148
WARNING: 125ns : none of the conditions were true for unique case from File:U:/Senior Design/Youssef/NOVA_Core/SystemVerilog/cpu_memory_unit.sv:163
WARNING: 125ns : none of the conditions were true for unique case from File:U:/Senior Design/Youssef/NOVA_Core/SystemVerilog/cpu_memory_unit.sv:136
WARNING: 125ns : none of the conditions were true for unique case from File:U:/Senior Design/Youssef/NOVA_Core/SystemVerilog/cpu_memory_unit.sv:148
WARNING: 125ns : none of the conditions were true for unique case from File:U:/Senior Design/Youssef/NOVA_Core/SystemVerilog/cpu_memory_unit.sv:163
WARNING: 127ns : none of the conditions were true for unique case from File:U:/Senior Design/Youssef/NOVA_Core/SystemVerilog/cpu_memory_unit.sv:136
WARNING: 127ns : none of the conditions were true for unique case from File:U:/Senior Design/Youssef/NOVA_Core/SystemVerilog/cpu_memory_unit.sv:148
WARNING: 127ns : none of the conditions were true for unique case from File:U:/Senior Design/Youssef/NOVA_Core/SystemVerilog/cpu_memory_unit.sv:163
[FAKEMEM] WriteReq block [xxxxxxxX] <= [xxxxxxxxxxxxxxxxxxxxxxxxxxxxxxxx]
[FAKEMEM] ReadReq  block [xxxxxxxX]
[FAKEMEM] WriteReq block [xxxxxxxX] <= [xxxxxxxxxxxxxxxxxxxxxxxxxxxxxxxx]
[FAKEMEM] ReadReq  block [xxxxxxxX]
[FAKEMEM] WriteReq block [xxxxxxxX] <= [xxxxxxxxxxxxxxxxxxxxxxxxxxxxxxxx]
[FAKEMEM] ReadReq  block [xxxxxxxX]
[FAKEMEM] WriteReq block [xxxxxxxX] <= [xxxxxxxxxxxxxxxxxxxxxxxxxxxxxxxx]
[FAKEMEM] ReadReq  block [xxxxxxxX]
[FAKEMEM] WriteReq block [xxxxxxxX] <= [xxxxxxxxxxxxxxxxxxxxxxxxxxxxxxxx]
[FAKEMEM] ReadReq  block [xxxxxxxX]
[FAKEMEM] WriteReq block [xxxxxxxX] <= [xxxxxxxxxxxxxxxxxxxxxxxxxxxxxxxx]
[FAKEMEM] ReadReq  block [xxxxxxxX]
[FAKEMEM] WriteReq block [xxxxxxxX] <= [xxxxxxxxxxxxxxxxxxxxxxxxxxxxxxxx]
[FAKEMEM] ReadReq  block [xxxxxxxX]
[FAKEMEM] WriteReq block [xxxxxxxX] <= [xxxxxxxxxxxxxxxxxxxxxxxxxxxxxxxx]
[FAKEMEM] ReadReq  block [xxxxxxxX]
[FAKEMEM] WriteReq block [xxxxxxxX] <= [xxxxxxxxxxxxxxxxxxxxxxxxxxxxxxxx]
[FAKEMEM] ReadReq  block [xxxxxxxX]
[FAKEMEM] WriteReq block [xxxxxxxX] <= [xxxxxxxxxxxxxxxxxxxxxxxxxxxxxxxx]
[FAKEMEM] ReadReq  block [xxxxxxxX]
[FAKEMEM] WriteReq block [xxxxxxxX] <= [xxxxxxxxxxxxxxxxxxxxxxxxxxxxxxxx]
[FAKEMEM] ReadReq  block [xxxxxxxX]
[FAKEMEM] WriteReq block [xxxxxxxX] <= [xxxxxxxxxxxxxxxxxxxxxxxxxxxxxxxx]
[FAKEMEM] ReadReq  block [xxxxxxxX]
[FAKEMEM] WriteReq block [xxxxxxxX] <= [xxxxxxxxxxxxxxxxxxxxxxxxxxxxxxxx]
[FAKEMEM] ReadReq  block [xxxxxxxX]
[FAKEMEM] WriteReq block [xxxxxxxX] <= [xxxxxxxxxxxxxxxxxxxxxxxxxxxxxxxx]
[FAKEMEM] ReadReq  block [xxxxxxxX]
[FAKEMEM] WriteReq block [xxxxxxxX] <= [xxxxxxxxxxxxxxxxxxxxxxxxxxxxxxxx]
[FAKEMEM] ReadReq  block [xxxxxxxX]
[FAKEMEM] WriteReq block [xxxxxxxX] <= [xxxxxxxxxxxxxxxxxxxxxxxxxxxxxxxx]
[FAKEMEM] ReadReq  block [xxxxxxxX]
[FAKEMEM] WriteReq block [xxxxxxxX] <= [xxxxxxxxxxxxxxxxxxxxxxxxxxxxxxxx]
[FAKEMEM] ReadReq  block [xxxxxxxX]
[FAKEMEM] WriteReq block [xxxxxxxX] <= [xxxxxxxxxxxxxxxxxxxxxxxxxxxxxxxx]
[FAKEMEM] ReadReq  block [xxxxxxxX]
[FAKEMEM] WriteReq block [xxxxxxxX] <= [xxxxxxxxxxxxxxxxxxxxxxxxxxxxxxxx]
[FAKEMEM] ReadReq  block [xxxxxxxX]
[FAKEMEM] WriteReq block [xxxxxxxX] <= [xxxxxxxxxxxxxxxxxxxxxxxxxxxxxxxx]
[FAKEMEM] ReadReq  block [xxxxxxxX]
[FAKEMEM] WriteReq block [xxxxxxxX] <= [xxxxxxxxxxxxxxxxxxxxxxxxxxxxxxxx]
[FAKEMEM] ReadReq  block [xxxxxxxX]
[FAKEMEM] WriteReq block [xxxxxxxX] <= [xxxxxxxxxxxxxxxxxxxxxxxxxxxxxxxx]
[FAKEMEM] ReadReq  block [xxxxxxxX]
[FAKEMEM] WriteReq block [xxxxxxxX] <= [xxxxxxxxxxxxxxxxxxxxxxxxxxxxxxxx]
[FAKEMEM] ReadReq  block [xxxxxxxX]
[FAKEMEM] WriteReq block [xxxxxxxX] <= [xxxxxxxxxxxxxxxxxxxxxxxxxxxxxxxx]
[FAKEMEM] ReadReq  block [xxxxxxxX]
[FAKEMEM] WriteReq block [xxxxxxxX] <= [xxxxxxxxxxxxxxxxxxxxxxxxxxxxxxxx]
[FAKEMEM] ReadReq  block [xxxxxxxX]
[FAKEMEM] WriteReq block [xxxxxxxX] <= [xxxxxxxxxxxxxxxxxxxxxxxxxxxxxxxx]
[FAKEMEM] ReadReq  block [xxxxxxxX]
[FAKEMEM] WriteReq block [xxxxxxxX] <= [xxxxxxxxxxxxxxxxxxxxxxxxxxxxxxxx]
[FAKEMEM] ReadReq  block [xxxxxxxX]
[FAKEMEM] WriteReq block [xxxxxxxX] <= [xxxxxxxxxxxxxxxxxxxxxxxxxxxxxxxx]
[FAKEMEM] ReadReq  block [xxxxxxxX]
[FAKEMEM] WriteReq block [xxxxxxxX] <= [xxxxxxxxxxxxxxxxxxxxxxxxxxxxxxxx]
[FAKEMEM] ReadReq  block [xxxxxxxX]
[FAKEMEM] WriteReq block [xxxxxxxX] <= [xxxxxxxxxxxxxxxxxxxxxxxxxxxxxxxx]
[FAKEMEM] ReadReq  block [xxxxxxxX]
[FAKEMEM] WriteReq block [xxxxxxxX] <= [xxxxxxxxxxxxxxxxxxxxxxxxxxxxxxxx]
[FAKEMEM] ReadReq  block [xxxxxxxX]
[FAKEMEM] WriteReq block [xxxxxxxX] <= [xxxxxxxxxxxxxxxxxxxxxxxxxxxxxxxx]
[FAKEMEM] ReadReq  block [xxxxxxxX]
[FAKEMEM] WriteReq block [xxxxxxxX] <= [xxxxxxxxxxxxxxxxxxxxxxxxxxxxxxxx]
[FAKEMEM] ReadReq  block [xxxxxxxX]
[FAKEMEM] WriteReq block [xxxxxxxX] <= [xxxxxxxxxxxxxxxxxxxxxxxxxxxxxxxx]
[FAKEMEM] ReadReq  block [xxxxxxxX]
[FAKEMEM] WriteReq block [xxxxxxxX] <= [xxxxxxxxxxxxxxxxxxxxxxxxxxxxxxxx]
[FAKEMEM] ReadReq  block [xxxxxxxX]
[FAKEMEM] WriteReq block [xxxxxxxX] <= [xxxxxxxxxxxxxxxxxxxxxxxxxxxxxxxx]
[FAKEMEM] ReadReq  block [xxxxxxxX]
[FAKEMEM] WriteReq block [xxxxxxxX] <= [xxxxxxxxxxxxxxxxxxxxxxxxxxxxxxxx]
[FAKEMEM] ReadReq  block [xxxxxxxX]
[FAKEMEM] WriteReq block [xxxxxxxX] <= [xxxxxxxxxxxxxxxxxxxxxxxxxxxxxxxx]
[FAKEMEM] ReadReq  block [xxxxxxxX]
[FAKEMEM] WriteReq block [xxxxxxxX] <= [xxxxxxxxxxxxxxxxxxxxxxxxxxxxxxxx]
[FAKEMEM] ReadReq  block [xxxxxxxX]
[FAKEMEM] WriteReq block [xxxxxxxX] <= [xxxxxxxxxxxxxxxxxxxxxxxxxxxxxxxx]
[FAKEMEM] ReadReq  block [xxxxxxxX]
[FAKEMEM] WriteReq block [xxxxxxxX] <= [xxxxxxxxxxxxxxxxxxxxxxxxxxxxxxxx]
[FAKEMEM] ReadReq  block [xxxxxxxX]
[FAKEMEM] WriteReq block [xxxxxxxX] <= [xxxxxxxxxxxxxxxxxxxxxxxxxxxxxxxx]
[FAKEMEM] ReadReq  block [xxxxxxxX]
[FAKEMEM] WriteReq block [xxxxxxxX] <= [xxxxxxxxxxxxxxxxxxxxxxxxxxxxxxxx]
[FAKEMEM] ReadReq  block [xxxxxxxX]
[FAKEMEM] WriteReq block [xxxxxxxX] <= [xxxxxxxxxxxxxxxxxxxxxxxxxxxxxxxx]
[FAKEMEM] ReadReq  block [xxxxxxxX]
[FAKEMEM] WriteReq block [xxxxxxxX] <= [xxxxxxxxxxxxxxxxxxxxxxxxxxxxxxxx]
[FAKEMEM] ReadReq  block [xxxxxxxX]
[FAKEMEM] WriteReq block [xxxxxxxX] <= [xxxxxxxxxxxxxxxxxxxxxxxxxxxxxxxx]
[FAKEMEM] ReadReq  block [xxxxxxxX]
[FAKEMEM] WriteReq block [xxxxxxxX] <= [xxxxxxxxxxxxxxxxxxxxxxxxxxxxxxxx]
[FAKEMEM] ReadReq  block [xxxxxxxX]
[FAKEMEM] WriteReq block [xxxxxxxX] <= [xxxxxxxxxxxxxxxxxxxxxxxxxxxxxxxx]
[FAKEMEM] ReadReq  block [xxxxxxxX]
[FAKEMEM] WriteReq block [xxxxxxxX] <= [xxxxxxxxxxxxxxxxxxxxxxxxxxxxxxxx]
[FAKEMEM] ReadReq  block [xxxxxxxX]
[FAKEMEM] WriteReq block [xxxxxxxX] <= [xxxxxxxxxxxxxxxxxxxxxxxxxxxxxxxx]
[FAKEMEM] ReadReq  block [xxxxxxxX]
[FAKEMEM] WriteReq block [xxxxxxxX] <= [xxxxxxxxxxxxxxxxxxxxxxxxxxxxxxxx]
[FAKEMEM] ReadReq  block [xxxxxxxX]
[FAKEMEM] WriteReq block [xxxxxxxX] <= [xxxxxxxxxxxxxxxxxxxxxxxxxxxxxxxx]
[FAKEMEM] ReadReq  block [xxxxxxxX]
[FAKEMEM] WriteReq block [xxxxxxxX] <= [xxxxxxxxxxxxxxxxxxxxxxxxxxxxxxxx]
[FAKEMEM] ReadReq  block [xxxxxxxX]
[FAKEMEM] WriteReq block [xxxxxxxX] <= [xxxxxxxxxxxxxxxxxxxxxxxxxxxxxxxx]
[FAKEMEM] ReadReq  block [xxxxxxxX]
[FAKEMEM] WriteReq block [xxxxxxxX] <= [xxxxxxxxxxxxxxxxxxxxxxxxxxxxxxxx]
[FAKEMEM] ReadReq  block [xxxxxxxX]
[FAKEMEM] WriteReq block [xxxxxxxX] <= [xxxxxxxxxxxxxxxxxxxxxxxxxxxxxxxx]
[FAKEMEM] ReadReq  block [xxxxxxxX]
[FAKEMEM] WriteReq block [xxxxxxxX] <= [xxxxxx