============================================================
  Generated by:           Genus(TM) Synthesis Solution 21.18-s082_1
  Generated on:           Apr 04 2025  09:53:16 am
  Module:                 rapid_x_cpu
  Operating conditions:   _nominal_ (balanced_tree)
  Wireload mode:          enclosed
  Area mode:              timing library
============================================================

Timing
--------

Clock  Period 
--------------
i_clk 10000.0 


  Cost    Critical         Violating 
 Group   Path Slack  TNS     Paths   
-------------------------------------
default    No paths   0.0            
i_clk        6621.0   0.0          0 
-------------------------------------
Total                 0.0          0 

Instance Count
--------------
Leaf Instance Count             8262 
Physical Instance count            0 
Sequential Instance Count       2001 
Combinational Instance Count    6261 
Hierarchical Instance Count        2 

Area
----
Cell Area                          34223.285
Physical Cell Area                 0.000
Total Cell Area (Cell+Physical)    34223.285
Net Area                           0.000
Total Area (Cell+Physical+Net)     34223.285

Max Fanout                         1986 (i_clk)
Min Fanout                         1 (instruction_fetch_unit_cache_line_read_raw[data][0])
Average Fanout                     2.9
Terms to net ratio                 3.8648
Terms to instance ratio            5.1348
Runtime                            273.1707360000001 seconds
Elapsed Runtime                    316 seconds
Genus peak memory usage            1843.31 
Innovus peak memory usage          no_value 
Hostname                           net1580.net.ucf.edu
