Vivado Simulator v2024.1
Copyright 1986-2022 Xilinx, Inc. All Rights Reserved.
Copyright 2022-2024 Advanced Micro Devices, Inc. All Rights Reserved.
Running: D:/Dev/Xilinx/Vivado/2024.1/bin/unwrapped/win64.o/xelab.exe --incr --debug typical --relax --mt 2 -L xil_defaultlib -L blk_mem_gen_v8_4_8 -L uvm -L unisims_ver -L unimacro_ver -L secureip -L xpm --snapshot basys3_testbench_behav xil_defaultlib.basys3_testbench xil_defaultlib.glbl -log elaborate.log 
Using 2 slave threads.
Starting static elaboration
Pass Through NonSizing Optimizer
WARNING: [VRFC 10-3091] actual bit length 32 differs from formal bit length 5 for port 'i_rd' [D:/Dev/projects/xilinx/rapidx_basys3/rapidx_basys3.srcs/sources_1/new/basys3_rapidx_cpu.sv:118]
WARNING: [VRFC 10-3091] actual bit length 32 differs from formal bit length 5 for port 'i_mem_rd' [D:/Dev/projects/xilinx/rapidx_basys3/rapidx_basys3.srcs/sources_1/new/basys3_rapidx_cpu.sv:179]
Completed static elaboration
Starting simulation data flow analysis
Completed simulation data flow analysis
Time Resolution for simulation is 1ps
Compiling package xil_defaultlib.rapid_pkg
Compiling package xil_defaultlib.$unit_basys3_data_bus_sv_1819974...
Compiling module xil_defaultlib.basys3_ifetch_unit
Compiling module xil_defaultlib.register_file
Compiling module xil_defaultlib.decoder_state
Compiling module xil_defaultlib.decoder_logic
Compiling module xil_defaultlib.execute_state
Compiling module xil_defaultlib.execute_logic
Compiling module xil_defaultlib.forward_unit
Compiling module xil_defaultlib.basys3_memory_unit
Compiling module xil_defaultlib.basys3_rapidx_cpu
Compiling module blk_mem_gen_v8_4_8.blk_mem_gen_v8_4_8_output_stage(...
Compiling module blk_mem_gen_v8_4_8.blk_mem_gen_v8_4_8_output_stage(...
Compiling module blk_mem_gen_v8_4_8.blk_mem_gen_v8_4_8_softecc_outpu...
Compiling module blk_mem_gen_v8_4_8.blk_mem_gen_v8_4_8_mem_module(C_...
Compiling module blk_mem_gen_v8_4_8.blk_mem_gen_v8_4_8(C_FAMILY="art...
Compiling module xil_defaultlib.blk_mem_rom
Compiling module xil_defaultlib.basys3_inst_bus
Compiling module blk_mem_gen_v8_4_8.blk_mem_gen_v8_4_8_mem_module(C_...
Compiling module blk_mem_gen_v8_4_8.blk_mem_gen_v8_4_8(C_FAMILY="art...
Compiling module xil_defaultlib.blk_mem_ram
Compiling module xil_defaultlib.basys3_data_bus
Compiling module xil_defaultlib.basys3_gpio_peripheral
Compiling module xil_defaultlib.basys3_top_level
Compiling module xil_defaultlib.basys3_testbench
Compiling module xil_defaultlib.glbl
Built simulation snapshot basys3_testbench_behav
