Time resolution is 1 ps
 Block Memory Generator module loading initial data...
 Block Memory Generator data initialization complete.
Block Memory Generator module basys3_testbench.uut.rom.inst.native_mem_module.blk_mem_gen_v8_4_8_inst is using a behavioral model for simulation which will not precisely model memory collision behavior.
Block Memory Generator module basys3_testbench.uut.ram.inst.native_mem_module.blk_mem_gen_v8_4_8_inst is using a behavioral model for simulation which will not precisely model memory collision behavior.
WARNING: 0ns : none of the conditions were true for unique case from File:D:/Dev/projects/xilinx/rapidx_basys3/rapidx_basys3.srcs/sources_1/new/basys3_memory_unit.sv:92
WARNING: 0ns : none of the conditions were true for unique case from File:D:/Dev/projects/xilinx/rapidx_basys3/rapidx_basys3.srcs/sources_1/new/basys3_memory_unit.sv:104
WARNING: 0ns : none of the conditions were true for unique case from File:D:/Dev/projects/xilinx/rapidx_basys3/rapidx_basys3.srcs/sources_1/new/basys3_memory_unit.sv:119
WARNING: 15ns : none of the conditions were true for unique case from File:D:/Dev/projects/xilinx/rapidx_basys3/rapidx_basys3.srcs/sources_1/new/basys3_memory_unit.sv:92
WARNING: 15ns : none of the conditions were true for unique case from File:D:/Dev/projects/xilinx/rapidx_basys3/rapidx_basys3.srcs/sources_1/new/basys3_memory_unit.sv:104
WARNING: 15ns : none of the conditions were true for unique case from File:D:/Dev/projects/xilinx/rapidx_basys3/rapidx_basys3.srcs/sources_1/new/basys3_memory_unit.sv:119
WARNING: 199ns : none of the conditions were true for unique case from File:D:/Dev/projects/xilinx/rapidx_basys3/rapidx_basys3.srcs/sources_1/new/basys3_memory_unit.sv:92
WARNING: 199ns : none of the conditions were true for unique case from File:D:/Dev/projects/xilinx/rapidx_basys3/rapidx_basys3.srcs/sources_1/new/basys3_memory_unit.sv:104
WARNING: 199ns : none of the conditions were true for unique case from File:D:/Dev/projects/xilinx/rapidx_basys3/rapidx_basys3.srcs/sources_1/new/basys3_memory_unit.sv:119
WARNING: 203ns : none of the conditions were true for unique case from File:D:/Dev/projects/xilinx/rapidx_basys3/rapidx_basys3.srcs/sources_1/new/basys3_memory_unit.sv:92
WARNING: 203ns : none of the conditions were true for unique case from File:D:/Dev/projects/xilinx/rapidx_basys3/rapidx_basys3.srcs/sources_1/new/basys3_memory_unit.sv:104
WARNING: 203ns : none of the conditions were true for unique case from File:D:/Dev/projects/xilinx/rapidx_basys3/rapidx_basys3.srcs/sources_1/new/basys3_memory_unit.sv:119
WARNING: 239ns : none of the conditions were true for unique case from File:D:/Dev/projects/xilinx/rapidx_basys3/rapidx_basys3.srcs/sources_1/new/basys3_memory_unit.sv:92
WARNING: 239ns : none of the conditions were true for unique case from File:D:/Dev/projects/xilinx/rapidx_basys3/rapidx_basys3.srcs/sources_1/new/basys3_memory_unit.sv:104
WARNING: 239ns : none of the conditions were true for unique case from File:D:/Dev/projects/xilinx/rapidx_basys3/rapidx_basys3.srcs/sources_1/new/basys3_memory_unit.sv:119
WARNING: 295ns : none of the conditions were true for unique case from File:D:/Dev/projects/xilinx/rapidx_basys3/rapidx_basys3.srcs/sources_1/new/basys3_memory_unit.sv:92
WARNING: 295ns : none of the conditions were true for unique case from File:D:/Dev/projects/xilinx/rapidx_basys3/rapidx_basys3.srcs/sources_1/new/basys3_memory_unit.sv:104
WARNING: 295ns : none of the conditions were true for unique case from File:D:/Dev/projects/xilinx/rapidx_basys3/rapidx_basys3.srcs/sources_1/new/basys3_memory_unit.sv:119
WARNING: 299ns : none of the conditions were true for unique case from File:D:/Dev/projects/xilinx/rapidx_basys3/rapidx_basys3.srcs/sources_1/new/basys3_memory_unit.sv:92
WARNING: 299ns : none of the conditions were true for unique case from File:D:/Dev/projects/xilinx/rapidx_basys3/rapidx_basys3.srcs/sources_1/new/basys3_memory_unit.sv:104
WARNING: 299ns : none of the conditions were true for unique case from File:D:/Dev/projects/xilinx/rapidx_basys3/rapidx_basys3.srcs/sources_1/new/basys3_memory_unit.sv:119
WARNING: 335ns : none of the conditions were true for unique case from File:D:/Dev/projects/xilinx/rapidx_basys3/rapidx_basys3.srcs/sources_1/new/basys3_memory_unit.sv:92
WARNING: 335ns : none of the conditions were true for unique case from File:D:/Dev/projects/xilinx/rapidx_basys3/rapidx_basys3.srcs/sources_1/new/basys3_memory_unit.sv:104
WARNING: 335ns : none of the conditions were true for unique case from File:D:/Dev/projects/xilinx/rapidx_basys3/rapidx_basys3.srcs/sources_1/new/basys3_memory_unit.sv:119
WARNING: 375ns : none of the conditions were true for unique case from File:D:/Dev/projects/xilinx/rapidx_basys3/rapidx_basys3.srcs/sources_1/new/basys3_memory_unit.sv:92
WARNING: 375ns : none of the conditions were true for unique case from File:D:/Dev/projects/xilinx/rapidx_basys3/rapidx_basys3.srcs/sources_1/new/basys3_memory_unit.sv:104
WARNING: 375ns : none of the conditions were true for unique case from File:D:/Dev/projects/xilinx/rapidx_basys3/rapidx_basys3.srcs/sources_1/new/basys3_memory_unit.sv:119
WARNING: 415ns : none of the conditions were true for unique case from File:D:/Dev/projects/xilinx/rapidx_basys3/rapidx_basys3.srcs/sources_1/new/basys3_memory_unit.sv:92
WARNING: 415ns : none of the conditions were true for unique case from File:D:/Dev/projects/xilinx/rapidx_basys3/rapidx_basys3.srcs/sources_1/new/basys3_memory_unit.sv:104
WARNING: 415ns : none of the conditions were true for unique case from File:D:/Dev/projects/xilinx/rapidx_basys3/rapidx_basys3.srcs/sources_1/new/basys3_memory_unit.sv:119
WARNING: 455ns : none of the conditions were true for unique case from File:D:/Dev/projects/xilinx/rapidx_basys3/rapidx_basys3.srcs/sources_1/new/basys3_memory_unit.sv:92
WARNING: 455ns : none of the conditions were true for unique case from File:D:/Dev/projects/xilinx/rapidx_basys3/rapidx_basys3.srcs/sources_1/new/basys3_memory_unit.sv:104
WARNING: 455ns : none of the conditions were true for unique case from File:D:/Dev/projects/xilinx/rapidx_basys3/rapidx_basys3.srcs/sources_1/new/basys3_memory_unit.sv:119
WARNING: 495ns : none of the conditions were true for unique case from File:D:/Dev/projects/xilinx/rapidx_basys3/rapidx_basys3.srcs/sources_1/new/basys3_memory_unit.sv:92
WARNING: 495ns : none of the conditions were true for unique case from File:D:/Dev/projects/xilinx/rapidx_basys3/rapidx_basys3.srcs/sources_1/new/basys3_memory_unit.sv:104
WARNING: 495ns : none of the conditions were true for unique case from File:D:/Dev/projects/xilinx/rapidx_basys3/rapidx_basys3.srcs/sources_1/new/basys3_memory_unit.sv:119
WARNING: 535ns : none of the conditions were true for unique case from File:D:/Dev/projects/xilinx/rapidx_basys3/rapidx_basys3.srcs/sources_1/new/basys3_memory_unit.sv:92
WARNING: 535ns : none of the conditions were true for unique case from File:D:/Dev/projects/xilinx/rapidx_basys3/rapidx_basys3.srcs/sources_1/new/basys3_memory_unit.sv:104
WARNING: 535ns : none of the conditions were true for unique case from File:D:/Dev/projects/xilinx/rapidx_basys3/rapidx_basys3.srcs/sources_1/new/basys3_memory_unit.sv:119
WARNING: 575ns : none of the conditions were true for unique case from File:D:/Dev/projects/xilinx/rapidx_basys3/rapidx_basys3.srcs/sources_1/new/basys3_memory_unit.sv:92
WARNING: 575ns : none of the conditions were true for unique case from File:D:/Dev/projects/xilinx/rapidx_basys3/rapidx_basys3.srcs/sources_1/new/basys3_memory_unit.sv:104
WARNING: 575ns : none of the conditions were true for unique case from File:D:/Dev/projects/xilinx/rapidx_basys3/rapidx_basys3.srcs/sources_1/new/basys3_memory_unit.sv:119
WARNING: 615ns : none of the conditions were true for unique case from File:D:/Dev/projects/xilinx/rapidx_basys3/rapidx_basys3.srcs/sources_1/new/basys3_memory_unit.sv:92
WARNING: 615ns : none of the conditions were true for unique case from File:D:/Dev/projects/xilinx/rapidx_basys3/rapidx_basys3.srcs/sources_1/new/basys3_memory_unit.sv:104
WARNING: 615ns : none of the conditions were true for unique case from File:D:/Dev/projects/xilinx/rapidx_basys3/rapidx_basys3.srcs/sources_1/new/basys3_memory_unit.sv:119
WARNING: 655ns : none of the conditions were true for unique case from File:D:/Dev/projects/xilinx/rapidx_basys3/rapidx_basys3.srcs/sources_1/new/basys3_memory_unit.sv:92
WARNING: 655ns : none of the conditions were true for unique case from File:D:/Dev/projects/xilinx/rapidx_basys3/rapidx_basys3.srcs/sources_1/new/basys3_memory_unit.sv:104
WARNING: 655ns : none of the conditions were true for unique case from File:D:/Dev/projects/xilinx/rapidx_basys3/rapidx_basys3.srcs/sources_1/new/basys3_memory_unit.sv:119
WARNING: 695ns : none of the conditions were true for unique case from File:D:/Dev/projects/xilinx/rapidx_basys3/rapidx_basys3.srcs/sources_1/new/basys3_memory_unit.sv:92
WARNING: 695ns : none of the conditions were true for unique case from File:D:/Dev/projects/xilinx/rapidx_basys3/rapidx_basys3.srcs/sources_1/new/basys3_memory_unit.sv:104
WARNING: 695ns : none of the conditions were true for unique case from File:D:/Dev/projects/xilinx/rapidx_basys3/rapidx_basys3.srcs/sources_1/new/basys3_memory_unit.sv:119
WARNING: 735ns : none of the conditions were true for unique case from File:D:/Dev/projects/xilinx/rapidx_basys3/rapidx_basys3.srcs/sources_1/new/basys3_memory_unit.sv:92
WARNING: 735ns : none of the conditions were true for unique case from File:D:/Dev/projects/xilinx/rapidx_basys3/rapidx_basys3.srcs/sources_1/new/basys3_memory_unit.sv:104
WARNING: 735ns : none of the conditions were true for unique case from File:D:/Dev/projects/xilinx/rapidx_basys3/rapidx_basys3.srcs/sources_1/new/basys3_memory_unit.sv:119
WARNING: 775ns : none of the conditions were true for unique case from File:D:/Dev/projects/xilinx/rapidx_basys3/rapidx_basys3.srcs/sources_1/new/basys3_memory_unit.sv:92
WARNING: 775ns : none of the conditions were true for unique case from File:D:/Dev/projects/xilinx/rapidx_basys3/rapidx_basys3.srcs/sources_1/new/basys3_memory_unit.sv:104
WARNING: 775ns : none of the conditions were true for unique case from File:D:/Dev/projects/xilinx/rapidx_basys3/rapidx_basys3.srcs/sources_1/new/basys3_memory_unit.sv:119
WARNING: 815ns : none of the conditions were true for unique case from File:D:/Dev/projects/xilinx/rapidx_basys3/rapidx_basys3.srcs/sources_1/new/basys3_memory_unit.sv:92
WARNING: 815ns : none of the conditions were true for unique case from File:D:/Dev/projects/xilinx/rapidx_basys3/rapidx_basys3.srcs/sources_1/new/basys3_memory_unit.sv:104
WARNING: 815ns : none of the conditions were true for unique case from File:D:/Dev/projects/xilinx/rapidx_basys3/rapidx_basys3.srcs/sources_1/new/basys3_memory_unit.sv:119
WARNING: 855ns : none of the conditions were true for unique case from File:D:/Dev/projects/xilinx/rapidx_basys3/rapidx_basys3.srcs/sources_1/new/basys3_memory_unit.sv:92
WARNING: 855ns : none of the conditions were true for unique case from File:D:/Dev/projects/xilinx/rapidx_basys3/rapidx_basys3.srcs/sources_1/new/basys3_memory_unit.sv:104
WARNING: 855ns : none of the conditions were true for unique case from File:D:/Dev/projects/xilinx/rapidx_basys3/rapidx_basys3.srcs/sources_1/new/basys3_memory_unit.sv:119
WARNING: 895ns : none of the conditions were true for unique case from File:D:/Dev/projects/xilinx/rapidx_basys3/rapidx_basys3.srcs/sources_1/new/basys3_memory_unit.sv:92
WARNING: 895ns : none of the conditions were true for unique case from File:D:/Dev/projects/xilinx/rapidx_basys3/rapidx_basys3.srcs/sources_1/new/basys3_memory_unit.sv:104
WARNING: 895ns : none of the conditions were true for unique case from File:D:/Dev/projects/xilinx/rapidx_basys3/rapidx_basys3.srcs/sources_1/new/basys3_memory_unit.sv:119
WARNING: 935ns : none of the conditions were true for unique case from File:D:/Dev/projects/xilinx/rapidx_basys3/rapidx_basys3.srcs/sources_1/new/basys3_memory_unit.sv:92
WARNING: 935ns : none of the conditions were true for unique case from File:D:/Dev/projects/xilinx/rapidx_basys3/rapidx_basys3.srcs/sources_1/new/basys3_memory_unit.sv:104
WARNING: 935ns : none of the conditions were true for unique case from File:D:/Dev/projects/xilinx/rapidx_basys3/rapidx_basys3.srcs/sources_1/new/basys3_memory_unit.sv:119
WARNING: 975ns : none of the conditions were true for unique case from File:D:/Dev/projects/xilinx/rapidx_basys3/rapidx_basys3.srcs/sources_1/new/basys3_memory_unit.sv:92
WARNING: 975ns : none of the conditions were true for unique case from File:D:/Dev/projects/xilinx/rapidx_basys3/rapidx_basys3.srcs/sources_1/new/basys3_memory_unit.sv:104
WARNING: 975ns : none of the conditions were true for unique case from File:D:/Dev/projects/xilinx/rapidx_basys3/rapidx_basys3.srcs/sources_1/new/basys3_memory_unit.sv:119
