============================================================
  Generated by:           Genus(TM) Synthesis Solution 21.18-s082_1
  Generated on:           Apr 09 2025  12:45:42 pm
  Module:                 rapid_x_cpu
  Operating conditions:   worst_low (balanced_tree)
  Wireload mode:          enclosed
  Area mode:              timing library
============================================================

Timing
--------

Clock  Period 
--------------
i_clk 10000.0 


  Cost    Critical         Violating 
 Group   Path Slack  TNS     Paths   
-------------------------------------
default    No paths   0.0            
i_clk        5846.7   0.0          0 
-------------------------------------
Total                 0.0          0 

Instance Count
--------------
Leaf Instance Count             8731 
Physical Instance count            0 
Sequential Instance Count       1994 
Combinational Instance Count    6737 
Hierarchical Instance Count        2 

Area
----
Cell Area                          20102.950
Physical Cell Area                 0.000
Total Cell Area (Cell+Physical)    20102.950
Net Area                           0.000
Total Area (Cell+Physical+Net)     20102.950

Max Fanout                         1963 (i_clk)
Min Fanout                         0 (de_instruction[25])
Average Fanout                     2.8
Terms to net ratio                 4.0342
Terms to instance ratio            4.4754
Runtime                            239.55087000000015 seconds
Elapsed Runtime                    233 seconds
Genus peak memory usage            1874.36 
Innovus peak memory usage          no_value 
Hostname                           net1582.net.ucf.edu
