
*** Running vivado
    with args -log basys3_top_level.vds -m64 -product Vivado -mode batch -messageDb vivado.pb -notrace -source basys3_top_level.tcl



****** Vivado v2024.2 (64-bit)
  **** SW Build 5239630 on Fri Nov 08 22:35:27 MST 2024
  **** IP Build 5239520 on Sun Nov 10 16:12:51 MST 2024
  **** SharedData Build 5239561 on Fri Nov 08 14:39:27 MST 2024
  **** Start of session at: Fri Apr 11 00:14:32 2025
    ** Copyright 1986-2022 Xilinx, Inc. All Rights Reserved.
    ** Copyright 2022-2024 Advanced Micro Devices, Inc. All Rights Reserved.

source basys3_top_level.tcl -notrace
Command: read_checkpoint -auto_incremental -incremental C:/Users/youssef/Documents/mcu-soc/rapidx_basys3/rapidx_basys3.srcs/utils_1/imports/synth_1/basys3_top_level.dcp
INFO: [Vivado 12-5825] Read reference checkpoint from C:/Users/youssef/Documents/mcu-soc/rapidx_basys3/rapidx_basys3.srcs/utils_1/imports/synth_1/basys3_top_level.dcp for incremental synthesis
INFO: [Vivado 12-7989] Please ensure there are no constraint changes
Command: synth_design -top basys3_top_level -part xc7a35tcpg236-1
Starting synth_design
Attempting to get a license for feature 'Synthesis' and/or device 'xc7a35t'
INFO: [Common 17-349] Got license for feature 'Synthesis' and/or device 'xc7a35t'
INFO: [Device 21-403] Loading part xc7a35tcpg236-1
INFO: [Designutils 20-5440] No compile time benefit to using incremental synthesis; A full resynthesis will be run
INFO: [Designutils 20-4379] Flow is switching to default flow due to incremental criteria not met. If you would like to alter this behaviour and have the flow terminate instead, please set the following parameter config_implementation {autoIncr.Synth.RejectBehavior Terminate}
INFO: [Synth 8-7079] Multithreading enabled for synth_design using a maximum of 2 processes.
INFO: [Synth 8-7078] Launching helper process for spawning children vivado processes
INFO: [Synth 8-7075] Helper process launched with PID 24232
---------------------------------------------------------------------------------
Starting RTL Elaboration : Time (s): cpu = 00:00:05 ; elapsed = 00:00:05 . Memory (MB): peak = 1016.105 ; gain = 467.570
---------------------------------------------------------------------------------
WARNING: [Synth 8-11067] parameter 'XLEN' declared inside package 'rapid_pkg' shall be treated as localparam [C:/Users/youssef/Documents/mcu-soc/rapidx_basys3/rapidx_basys3.srcs/sources_1/imports/senior_design_current/rapid_pkg.sv:5]
WARNING: [Synth 8-11067] parameter 'RESET_VECTOR' declared inside package 'rapid_pkg' shall be treated as localparam [C:/Users/youssef/Documents/mcu-soc/rapidx_basys3/rapidx_basys3.srcs/sources_1/imports/senior_design_current/rapid_pkg.sv:10]
WARNING: [Synth 8-11067] parameter 'RESET_STACK_POINTER' declared inside package 'rapid_pkg' shall be treated as localparam [C:/Users/youssef/Documents/mcu-soc/rapidx_basys3/rapidx_basys3.srcs/sources_1/imports/senior_design_current/rapid_pkg.sv:11]
WARNING: [Synth 8-11067] parameter 'WORD_WIDTH' declared inside package 'rapid_pkg' shall be treated as localparam [C:/Users/youssef/Documents/mcu-soc/rapidx_basys3/rapidx_basys3.srcs/sources_1/imports/senior_design_current/rapid_pkg.sv:12]
WARNING: [Synth 8-11067] parameter 'NOP_INSTRUCTION' declared inside package 'rapid_pkg' shall be treated as localparam [C:/Users/youssef/Documents/mcu-soc/rapidx_basys3/rapidx_basys3.srcs/sources_1/imports/senior_design_current/rapid_pkg.sv:13]
WARNING: [Synth 8-11067] parameter 'NOOP_INSTRUCTION' declared inside package 'rapid_pkg' shall be treated as localparam [C:/Users/youssef/Documents/mcu-soc/rapidx_basys3/rapidx_basys3.srcs/sources_1/imports/senior_design_current/rapid_pkg.sv:14]
WARNING: [Synth 8-11067] parameter 'ADD_or_SUB' declared inside package 'rapid_pkg' shall be treated as localparam [C:/Users/youssef/Documents/mcu-soc/rapidx_basys3/rapidx_basys3.srcs/sources_1/imports/senior_design_current/rapid_pkg.sv:16]
WARNING: [Synth 8-11067] parameter 'SLT' declared inside package 'rapid_pkg' shall be treated as localparam [C:/Users/youssef/Documents/mcu-soc/rapidx_basys3/rapidx_basys3.srcs/sources_1/imports/senior_design_current/rapid_pkg.sv:17]
WARNING: [Synth 8-11067] parameter 'SLTU' declared inside package 'rapid_pkg' shall be treated as localparam [C:/Users/youssef/Documents/mcu-soc/rapidx_basys3/rapidx_basys3.srcs/sources_1/imports/senior_design_current/rapid_pkg.sv:18]
WARNING: [Synth 8-11067] parameter 'XOR_' declared inside package 'rapid_pkg' shall be treated as localparam [C:/Users/youssef/Documents/mcu-soc/rapidx_basys3/rapidx_basys3.srcs/sources_1/imports/senior_design_current/rapid_pkg.sv:19]
WARNING: [Synth 8-11067] parameter 'OR_' declared inside package 'rapid_pkg' shall be treated as localparam [C:/Users/youssef/Documents/mcu-soc/rapidx_basys3/rapidx_basys3.srcs/sources_1/imports/senior_design_current/rapid_pkg.sv:20]
WARNING: [Synth 8-11067] parameter 'AND_' declared inside package 'rapid_pkg' shall be treated as localparam [C:/Users/youssef/Documents/mcu-soc/rapidx_basys3/rapidx_basys3.srcs/sources_1/imports/senior_design_current/rapid_pkg.sv:21]
WARNING: [Synth 8-11067] parameter 'SLL' declared inside package 'rapid_pkg' shall be treated as localparam [C:/Users/youssef/Documents/mcu-soc/rapidx_basys3/rapidx_basys3.srcs/sources_1/imports/senior_design_current/rapid_pkg.sv:22]
WARNING: [Synth 8-11067] parameter 'SRL_or_SRA' declared inside package 'rapid_pkg' shall be treated as localparam [C:/Users/youssef/Documents/mcu-soc/rapidx_basys3/rapidx_basys3.srcs/sources_1/imports/senior_design_current/rapid_pkg.sv:23]
WARNING: [Synth 8-11067] parameter 'LB_or_SB' declared inside package 'rapid_pkg' shall be treated as localparam [C:/Users/youssef/Documents/mcu-soc/rapidx_basys3/rapidx_basys3.srcs/sources_1/imports/senior_design_current/rapid_pkg.sv:24]
WARNING: [Synth 8-11067] parameter 'LH_or_SH' declared inside package 'rapid_pkg' shall be treated as localparam [C:/Users/youssef/Documents/mcu-soc/rapidx_basys3/rapidx_basys3.srcs/sources_1/imports/senior_design_current/rapid_pkg.sv:25]
WARNING: [Synth 8-11067] parameter 'LW_or_SW' declared inside package 'rapid_pkg' shall be treated as localparam [C:/Users/youssef/Documents/mcu-soc/rapidx_basys3/rapidx_basys3.srcs/sources_1/imports/senior_design_current/rapid_pkg.sv:26]
WARNING: [Synth 8-11067] parameter 'LBU' declared inside package 'rapid_pkg' shall be treated as localparam [C:/Users/youssef/Documents/mcu-soc/rapidx_basys3/rapidx_basys3.srcs/sources_1/imports/senior_design_current/rapid_pkg.sv:27]
WARNING: [Synth 8-11067] parameter 'LHU' declared inside package 'rapid_pkg' shall be treated as localparam [C:/Users/youssef/Documents/mcu-soc/rapidx_basys3/rapidx_basys3.srcs/sources_1/imports/senior_design_current/rapid_pkg.sv:28]
WARNING: [Synth 8-11067] parameter 'BLTU' declared inside package 'rapid_pkg' shall be treated as localparam [C:/Users/youssef/Documents/mcu-soc/rapidx_basys3/rapidx_basys3.srcs/sources_1/imports/senior_design_current/rapid_pkg.sv:29]
WARNING: [Synth 8-11067] parameter 'BGEU' declared inside package 'rapid_pkg' shall be treated as localparam [C:/Users/youssef/Documents/mcu-soc/rapidx_basys3/rapidx_basys3.srcs/sources_1/imports/senior_design_current/rapid_pkg.sv:30]
CRITICAL WARNING: [Synth 8-9873] overwriting previous definition of interface 'uart_if' [C:/Users/youssef/Documents/mcu-soc/rapidx_basys3/rapidx_basys3.srcs/sources_1/new/../imports/rtl/if/uart_if.sv:44]
INFO: [Synth 8-9937] previous definition of design element 'uart_if' is here [C:/Users/youssef/Documents/mcu-soc/rapidx_basys3/rapidx_basys3.srcs/sources_1/new/../imports/rtl/if/uart_if.sv:44]
WARNING: [Synth 8-10180] variable 'i' must explicitly be declared as automatic or static [C:/Users/youssef/Documents/mcu-soc/rapidx_basys3/rapidx_basys3.srcs/sources_1/new/memory_management_unit.sv:39]
CRITICAL WARNING: [Synth 8-9873] overwriting previous definition of interface 'uart_if' [C:/Users/youssef/Documents/mcu-soc/rapidx_basys3/rapidx_basys3.srcs/sources_1/new/../imports/rtl/if/uart_if.sv:44]
INFO: [Synth 8-9937] previous definition of design element 'uart_if' is here [C:/Users/youssef/Documents/mcu-soc/rapidx_basys3/rapidx_basys3.srcs/sources_1/new/../imports/rtl/if/uart_if.sv:44]
CRITICAL WARNING: [Synth 8-9873] overwriting previous definition of interface 'uart_if' [C:/Users/youssef/Documents/mcu-soc/rapidx_basys3/rapidx_basys3.srcs/sources_1/new/../imports/rtl/if/uart_if.sv:44]
INFO: [Synth 8-9937] previous definition of design element 'uart_if' is here [C:/Users/youssef/Documents/mcu-soc/rapidx_basys3/rapidx_basys3.srcs/sources_1/new/../imports/rtl/if/uart_if.sv:44]
CRITICAL WARNING: [Synth 8-9873] overwriting previous definition of interface 'uart_if' [C:/Users/youssef/Documents/mcu-soc/rapidx_basys3/rapidx_basys3.srcs/sources_1/new/../imports/rtl/if/uart_if.sv:44]
INFO: [Synth 8-9937] previous definition of design element 'uart_if' is here [C:/Users/youssef/Documents/mcu-soc/rapidx_basys3/rapidx_basys3.srcs/sources_1/new/../imports/rtl/if/uart_if.sv:44]
INFO: [Synth 8-6157] synthesizing module 'basys3_top_level' [C:/Users/youssef/Documents/mcu-soc/rapidx_basys3/rapidx_basys3.srcs/sources_1/new/basys3_top_level.sv:22]
INFO: [Synth 8-6157] synthesizing module 'basys3_rapidx_cpu' [C:/Users/youssef/Documents/mcu-soc/rapidx_basys3/rapidx_basys3.srcs/sources_1/new/basys3_rapidx_cpu.sv:10]
INFO: [Synth 8-6157] synthesizing module 'basys3_ifetch_unit' [C:/Users/youssef/Documents/mcu-soc/rapidx_basys3/rapidx_basys3.srcs/sources_1/new/basys3_ifetch_unit.sv:23]
INFO: [Synth 8-6155] done synthesizing module 'basys3_ifetch_unit' (0#1) [C:/Users/youssef/Documents/mcu-soc/rapidx_basys3/rapidx_basys3.srcs/sources_1/new/basys3_ifetch_unit.sv:23]
INFO: [Synth 8-6157] synthesizing module 'register_file' [C:/Users/youssef/Documents/mcu-soc/rapidx_basys3/rapidx_basys3.srcs/sources_1/imports/senior_design_current/register_file.sv:24]
WARNING: [Synth 8-11581] system task call 'fwrite' not supported [C:/Users/youssef/Documents/mcu-soc/rapidx_basys3/rapidx_basys3.srcs/sources_1/imports/senior_design_current/register_file.sv:56]
WARNING: [Synth 8-11581] system task call 'fwrite' not supported [C:/Users/youssef/Documents/mcu-soc/rapidx_basys3/rapidx_basys3.srcs/sources_1/imports/senior_design_current/register_file.sv:58]
WARNING: [Synth 8-11581] system task call 'fwrite' not supported [C:/Users/youssef/Documents/mcu-soc/rapidx_basys3/rapidx_basys3.srcs/sources_1/imports/senior_design_current/register_file.sv:58]
WARNING: [Synth 8-11581] system task call 'fwrite' not supported [C:/Users/youssef/Documents/mcu-soc/rapidx_basys3/rapidx_basys3.srcs/sources_1/imports/senior_design_current/register_file.sv:58]
WARNING: [Synth 8-11581] system task call 'fwrite' not supported [C:/Users/youssef/Documents/mcu-soc/rapidx_basys3/rapidx_basys3.srcs/sources_1/imports/senior_design_current/register_file.sv:58]
WARNING: [Synth 8-11581] system task call 'fwrite' not supported [C:/Users/youssef/Documents/mcu-soc/rapidx_basys3/rapidx_basys3.srcs/sources_1/imports/senior_design_current/register_file.sv:58]
WARNING: [Synth 8-11581] system task call 'fwrite' not supported [C:/Users/youssef/Documents/mcu-soc/rapidx_basys3/rapidx_basys3.srcs/sources_1/imports/senior_design_current/register_file.sv:58]
WARNING: [Synth 8-11581] system task call 'fwrite' not supported [C:/Users/youssef/Documents/mcu-soc/rapidx_basys3/rapidx_basys3.srcs/sources_1/imports/senior_design_current/register_file.sv:58]
WARNING: [Synth 8-11581] system task call 'fwrite' not supported [C:/Users/youssef/Documents/mcu-soc/rapidx_basys3/rapidx_basys3.srcs/sources_1/imports/senior_design_current/register_file.sv:58]
WARNING: [Synth 8-11581] system task call 'fwrite' not supported [C:/Users/youssef/Documents/mcu-soc/rapidx_basys3/rapidx_basys3.srcs/sources_1/imports/senior_design_current/register_file.sv:58]
WARNING: [Synth 8-11581] system task call 'fwrite' not supported [C:/Users/youssef/Documents/mcu-soc/rapidx_basys3/rapidx_basys3.srcs/sources_1/imports/senior_design_current/register_file.sv:58]
WARNING: [Synth 8-11581] system task call 'fwrite' not supported [C:/Users/youssef/Documents/mcu-soc/rapidx_basys3/rapidx_basys3.srcs/sources_1/imports/senior_design_current/register_file.sv:58]
WARNING: [Synth 8-11581] system task call 'fwrite' not supported [C:/Users/youssef/Documents/mcu-soc/rapidx_basys3/rapidx_basys3.srcs/sources_1/imports/senior_design_current/register_file.sv:58]
WARNING: [Synth 8-11581] system task call 'fwrite' not supported [C:/Users/youssef/Documents/mcu-soc/rapidx_basys3/rapidx_basys3.srcs/sources_1/imports/senior_design_current/register_file.sv:58]
WARNING: [Synth 8-11581] system task call 'fwrite' not supported [C:/Users/youssef/Documents/mcu-soc/rapidx_basys3/rapidx_basys3.srcs/sources_1/imports/senior_design_current/register_file.sv:58]
WARNING: [Synth 8-11581] system task call 'fwrite' not supported [C:/Users/youssef/Documents/mcu-soc/rapidx_basys3/rapidx_basys3.srcs/sources_1/imports/senior_design_current/register_file.sv:58]
WARNING: [Synth 8-11581] system task call 'fwrite' not supported [C:/Users/youssef/Documents/mcu-soc/rapidx_basys3/rapidx_basys3.srcs/sources_1/imports/senior_design_current/register_file.sv:58]
WARNING: [Synth 8-11581] system task call 'fwrite' not supported [C:/Users/youssef/Documents/mcu-soc/rapidx_basys3/rapidx_basys3.srcs/sources_1/imports/senior_design_current/register_file.sv:58]
WARNING: [Synth 8-11581] system task call 'fwrite' not supported [C:/Users/youssef/Documents/mcu-soc/rapidx_basys3/rapidx_basys3.srcs/sources_1/imports/senior_design_current/register_file.sv:58]
WARNING: [Synth 8-11581] system task call 'fwrite' not supported [C:/Users/youssef/Documents/mcu-soc/rapidx_basys3/rapidx_basys3.srcs/sources_1/imports/senior_design_current/register_file.sv:58]
WARNING: [Synth 8-11581] system task call 'fwrite' not supported [C:/Users/youssef/Documents/mcu-soc/rapidx_basys3/rapidx_basys3.srcs/sources_1/imports/senior_design_current/register_file.sv:58]
WARNING: [Synth 8-11581] system task call 'fwrite' not supported [C:/Users/youssef/Documents/mcu-soc/rapidx_basys3/rapidx_basys3.srcs/sources_1/imports/senior_design_current/register_file.sv:58]
WARNING: [Synth 8-11581] system task call 'fwrite' not supported [C:/Users/youssef/Documents/mcu-soc/rapidx_basys3/rapidx_basys3.srcs/sources_1/imports/senior_design_current/register_file.sv:58]
WARNING: [Synth 8-11581] system task call 'fwrite' not supported [C:/Users/youssef/Documents/mcu-soc/rapidx_basys3/rapidx_basys3.srcs/sources_1/imports/senior_design_current/register_file.sv:58]
WARNING: [Synth 8-11581] system task call 'fwrite' not supported [C:/Users/youssef/Documents/mcu-soc/rapidx_basys3/rapidx_basys3.srcs/sources_1/imports/senior_design_current/register_file.sv:58]
WARNING: [Synth 8-11581] system task call 'fwrite' not supported [C:/Users/youssef/Documents/mcu-soc/rapidx_basys3/rapidx_basys3.srcs/sources_1/imports/senior_design_current/register_file.sv:58]
WARNING: [Synth 8-11581] system task call 'fwrite' not supported [C:/Users/youssef/Documents/mcu-soc/rapidx_basys3/rapidx_basys3.srcs/sources_1/imports/senior_design_current/register_file.sv:58]
WARNING: [Synth 8-11581] system task call 'fwrite' not supported [C:/Users/youssef/Documents/mcu-soc/rapidx_basys3/rapidx_basys3.srcs/sources_1/imports/senior_design_current/register_file.sv:58]
WARNING: [Synth 8-11581] system task call 'fwrite' not supported [C:/Users/youssef/Documents/mcu-soc/rapidx_basys3/rapidx_basys3.srcs/sources_1/imports/senior_design_current/register_file.sv:58]
WARNING: [Synth 8-11581] system task call 'fwrite' not supported [C:/Users/youssef/Documents/mcu-soc/rapidx_basys3/rapidx_basys3.srcs/sources_1/imports/senior_design_current/register_file.sv:58]
WARNING: [Synth 8-11581] system task call 'fwrite' not supported [C:/Users/youssef/Documents/mcu-soc/rapidx_basys3/rapidx_basys3.srcs/sources_1/imports/senior_design_current/register_file.sv:58]
WARNING: [Synth 8-11581] system task call 'fwrite' not supported [C:/Users/youssef/Documents/mcu-soc/rapidx_basys3/rapidx_basys3.srcs/sources_1/imports/senior_design_current/register_file.sv:58]
WARNING: [Synth 8-11581] system task call 'fwrite' not supported [C:/Users/youssef/Documents/mcu-soc/rapidx_basys3/rapidx_basys3.srcs/sources_1/imports/senior_design_current/register_file.sv:58]
WARNING: [Synth 8-11581] system task call 'fwrite' not supported [C:/Users/youssef/Documents/mcu-soc/rapidx_basys3/rapidx_basys3.srcs/sources_1/imports/senior_design_current/register_file.sv:60]
WARNING: [Synth 8-11581] system task call 'fflush' not supported [C:/Users/youssef/Documents/mcu-soc/rapidx_basys3/rapidx_basys3.srcs/sources_1/imports/senior_design_current/register_file.sv:61]
WARNING: [Synth 8-11581] system task call 'finish' not supported [C:/Users/youssef/Documents/mcu-soc/rapidx_basys3/rapidx_basys3.srcs/sources_1/imports/senior_design_current/register_file.sv:62]
INFO: [Synth 8-6155] done synthesizing module 'register_file' (0#1) [C:/Users/youssef/Documents/mcu-soc/rapidx_basys3/rapidx_basys3.srcs/sources_1/imports/senior_design_current/register_file.sv:24]
WARNING: [Synth 8-689] width (32) of port connection 'i_rd' does not match port width (5) of module 'register_file' [C:/Users/youssef/Documents/mcu-soc/rapidx_basys3/rapidx_basys3.srcs/sources_1/new/basys3_rapidx_cpu.sv:118]
INFO: [Synth 8-6157] synthesizing module 'decoder_state' [C:/Users/youssef/Documents/mcu-soc/rapidx_basys3/rapidx_basys3.srcs/sources_1/imports/senior_design_current/decoder_state.sv:3]
INFO: [Synth 8-6155] done synthesizing module 'decoder_state' (0#1) [C:/Users/youssef/Documents/mcu-soc/rapidx_basys3/rapidx_basys3.srcs/sources_1/imports/senior_design_current/decoder_state.sv:3]
INFO: [Synth 8-6157] synthesizing module 'decoder_logic' [C:/Users/youssef/Documents/mcu-soc/rapidx_basys3/rapidx_basys3.srcs/sources_1/imports/senior_design_current/decoder_logic.sv:59]
INFO: [Synth 8-6155] done synthesizing module 'decoder_logic' (0#1) [C:/Users/youssef/Documents/mcu-soc/rapidx_basys3/rapidx_basys3.srcs/sources_1/imports/senior_design_current/decoder_logic.sv:59]
INFO: [Synth 8-6157] synthesizing module 'execute_state' [C:/Users/youssef/Documents/mcu-soc/rapidx_basys3/rapidx_basys3.srcs/sources_1/imports/senior_design_current/execute_state.sv:3]
INFO: [Synth 8-6155] done synthesizing module 'execute_state' (0#1) [C:/Users/youssef/Documents/mcu-soc/rapidx_basys3/rapidx_basys3.srcs/sources_1/imports/senior_design_current/execute_state.sv:3]
INFO: [Synth 8-6157] synthesizing module 'execute_logic' [C:/Users/youssef/Documents/mcu-soc/rapidx_basys3/rapidx_basys3.srcs/sources_1/imports/senior_design_current/execute_logic.sv:30]
INFO: [Synth 8-155] case statement is not full and has no default [C:/Users/youssef/Documents/mcu-soc/rapidx_basys3/rapidx_basys3.srcs/sources_1/imports/senior_design_current/execute_logic.sv:113]
INFO: [Synth 8-6155] done synthesizing module 'execute_logic' (0#1) [C:/Users/youssef/Documents/mcu-soc/rapidx_basys3/rapidx_basys3.srcs/sources_1/imports/senior_design_current/execute_logic.sv:30]
INFO: [Synth 8-6157] synthesizing module 'forward_unit' [C:/Users/youssef/Documents/mcu-soc/rapidx_basys3/rapidx_basys3.srcs/sources_1/imports/senior_design_current/forwarding_unit.sv:24]
INFO: [Synth 8-6155] done synthesizing module 'forward_unit' (0#1) [C:/Users/youssef/Documents/mcu-soc/rapidx_basys3/rapidx_basys3.srcs/sources_1/imports/senior_design_current/forwarding_unit.sv:24]
WARNING: [Synth 8-689] width (32) of port connection 'i_mem_rd' does not match port width (5) of module 'forward_unit' [C:/Users/youssef/Documents/mcu-soc/rapidx_basys3/rapidx_basys3.srcs/sources_1/new/basys3_rapidx_cpu.sv:179]
INFO: [Synth 8-6157] synthesizing module 'basys3_memory_unit' [C:/Users/youssef/Documents/mcu-soc/rapidx_basys3/rapidx_basys3.srcs/sources_1/new/basys3_memory_unit.sv:23]
INFO: [Synth 8-294] found qualifier unique on case statement: implementing as parallel_case [C:/Users/youssef/Documents/mcu-soc/rapidx_basys3/rapidx_basys3.srcs/sources_1/new/basys3_memory_unit.sv:92]
INFO: [Synth 8-294] found qualifier unique on case statement: implementing as parallel_case [C:/Users/youssef/Documents/mcu-soc/rapidx_basys3/rapidx_basys3.srcs/sources_1/new/basys3_memory_unit.sv:104]
INFO: [Synth 8-294] found qualifier unique on case statement: implementing as parallel_case [C:/Users/youssef/Documents/mcu-soc/rapidx_basys3/rapidx_basys3.srcs/sources_1/new/basys3_memory_unit.sv:119]
INFO: [Synth 8-6155] done synthesizing module 'basys3_memory_unit' (0#1) [C:/Users/youssef/Documents/mcu-soc/rapidx_basys3/rapidx_basys3.srcs/sources_1/new/basys3_memory_unit.sv:23]
INFO: [Synth 8-6155] done synthesizing module 'basys3_rapidx_cpu' (0#1) [C:/Users/youssef/Documents/mcu-soc/rapidx_basys3/rapidx_basys3.srcs/sources_1/new/basys3_rapidx_cpu.sv:10]
INFO: [Synth 8-6157] synthesizing module 'memory_management_unit' [C:/Users/youssef/Documents/mcu-soc/rapidx_basys3/rapidx_basys3.srcs/sources_1/new/memory_management_unit.sv:23]
	Parameter CHANNELS bound to: 7 - type: integer 
INFO: [Synth 8-6155] done synthesizing module 'memory_management_unit' (0#1) [C:/Users/youssef/Documents/mcu-soc/rapidx_basys3/rapidx_basys3.srcs/sources_1/new/memory_management_unit.sv:23]
INFO: [Synth 8-6157] synthesizing module 'memory_management_unit__parameterized0' [C:/Users/youssef/Documents/mcu-soc/rapidx_basys3/rapidx_basys3.srcs/sources_1/new/memory_management_unit.sv:23]
	Parameter CHANNELS bound to: 2 - type: integer 
INFO: [Synth 8-6155] done synthesizing module 'memory_management_unit__parameterized0' (0#1) [C:/Users/youssef/Documents/mcu-soc/rapidx_basys3/rapidx_basys3.srcs/sources_1/new/memory_management_unit.sv:23]
INFO: [Synth 8-6157] synthesizing module 'blk_mem_rom' [C:/Users/youssef/Documents/mcu-soc/rapidx_basys3/rapidx_basys3.runs/synth_1/.Xil/Vivado-20240-DESKTOP-T92VI6B/realtime/blk_mem_rom_stub.v:6]
INFO: [Synth 8-6155] done synthesizing module 'blk_mem_rom' (0#1) [C:/Users/youssef/Documents/mcu-soc/rapidx_basys3/rapidx_basys3.runs/synth_1/.Xil/Vivado-20240-DESKTOP-T92VI6B/realtime/blk_mem_rom_stub.v:6]
INFO: [Synth 8-6157] synthesizing module 'blk_mem_ram' [C:/Users/youssef/Documents/mcu-soc/rapidx_basys3/rapidx_basys3.runs/synth_1/.Xil/Vivado-20240-DESKTOP-T92VI6B/realtime/blk_mem_ram_stub.v:6]
INFO: [Synth 8-6155] done synthesizing module 'blk_mem_ram' (0#1) [C:/Users/youssef/Documents/mcu-soc/rapidx_basys3/rapidx_basys3.runs/synth_1/.Xil/Vivado-20240-DESKTOP-T92VI6B/realtime/blk_mem_ram_stub.v:6]
WARNING: [Synth 8-7071] port 'rsta_busy' of module 'blk_mem_ram' is unconnected for instance 'ram' [C:/Users/youssef/Documents/mcu-soc/rapidx_basys3/rapidx_basys3.srcs/sources_1/new/basys3_top_level.sv:147]
WARNING: [Synth 8-7071] port 'rstb_busy' of module 'blk_mem_ram' is unconnected for instance 'ram' [C:/Users/youssef/Documents/mcu-soc/rapidx_basys3/rapidx_basys3.srcs/sources_1/new/basys3_top_level.sv:147]
WARNING: [Synth 8-7023] instance 'ram' of module 'blk_mem_ram' has 16 connections declared, but only 14 given [C:/Users/youssef/Documents/mcu-soc/rapidx_basys3/rapidx_basys3.srcs/sources_1/new/basys3_top_level.sv:147]
INFO: [Synth 8-6157] synthesizing module 'basys3_gpio_peripheral' [C:/Users/youssef/Documents/mcu-soc/rapidx_basys3/rapidx_basys3.srcs/sources_1/new/basys3_gpio_peripheral.sv:23]
INFO: [Synth 8-155] case statement is not full and has no default [C:/Users/youssef/Documents/mcu-soc/rapidx_basys3/rapidx_basys3.srcs/sources_1/new/basys3_gpio_peripheral.sv:56]
INFO: [Synth 8-6155] done synthesizing module 'basys3_gpio_peripheral' (0#1) [C:/Users/youssef/Documents/mcu-soc/rapidx_basys3/rapidx_basys3.srcs/sources_1/new/basys3_gpio_peripheral.sv:23]
INFO: [Synth 8-6157] synthesizing module 'basys3_uart_peripheral' [C:/Users/youssef/Documents/mcu-soc/rapidx_basys3/rapidx_basys3.srcs/sources_1/new/basys3_uart_peripheral.sv:24]
INFO: [Synth 8-6157] synthesizing module 'uart_if' [C:/Users/youssef/Documents/mcu-soc/rapidx_basys3/rapidx_basys3.srcs/sources_1/imports/rtl/if/uart_if.sv:25]
INFO: [Synth 8-6155] done synthesizing module 'uart_if' (0#1) [C:/Users/youssef/Documents/mcu-soc/rapidx_basys3/rapidx_basys3.srcs/sources_1/imports/rtl/if/uart_if.sv:25]
INFO: [Synth 8-6157] synthesizing module 'uart_if' [C:/Users/youssef/Documents/mcu-soc/rapidx_basys3/rapidx_basys3.srcs/sources_1/imports/rtl/if/uart_if.sv:25]
INFO: [Synth 8-6155] done synthesizing module 'uart_if' (0#1) [C:/Users/youssef/Documents/mcu-soc/rapidx_basys3/rapidx_basys3.srcs/sources_1/imports/rtl/if/uart_if.sv:25]
INFO: [Synth 8-6157] synthesizing module 'uart' [C:/Users/youssef/Documents/mcu-soc/rapidx_basys3/rapidx_basys3.srcs/sources_1/imports/rtl/uart.sv:27]
	Parameter DATA_WIDTH bound to: 8 - type: integer 
	Parameter BAUD_RATE bound to: 115200 - type: integer 
	Parameter CLK_FREQ bound to: 100000000 - type: integer 
INFO: [Synth 8-6157] synthesizing module 'uart_tx' [C:/Users/youssef/Documents/mcu-soc/rapidx_basys3/rapidx_basys3.srcs/sources_1/imports/rtl/uart_tx.sv:27]
	Parameter DATA_WIDTH bound to: 8 - type: integer 
	Parameter BAUD_RATE bound to: 115200 - type: integer 
	Parameter CLK_FREQ bound to: 100000000 - type: integer 
INFO: [Synth 8-6155] done synthesizing module 'uart_tx' (0#1) [C:/Users/youssef/Documents/mcu-soc/rapidx_basys3/rapidx_basys3.srcs/sources_1/imports/rtl/uart_tx.sv:27]
INFO: [Synth 8-6157] synthesizing module 'uart_rx' [C:/Users/youssef/Documents/mcu-soc/rapidx_basys3/rapidx_basys3.srcs/sources_1/imports/rtl/uart_rx.sv:27]
	Parameter DATA_WIDTH bound to: 8 - type: integer 
	Parameter BAUD_RATE bound to: 115200 - type: integer 
	Parameter CLK_FREQ bound to: 100000000 - type: integer 
INFO: [Synth 8-6155] done synthesizing module 'uart_rx' (0#1) [C:/Users/youssef/Documents/mcu-soc/rapidx_basys3/rapidx_basys3.srcs/sources_1/imports/rtl/uart_rx.sv:27]
INFO: [Synth 8-6155] done synthesizing module 'uart' (0#1) [C:/Users/youssef/Documents/mcu-soc/rapidx_basys3/rapidx_basys3.srcs/sources_1/imports/rtl/uart.sv:27]
INFO: [Synth 8-6155] done synthesizing module 'basys3_uart_peripheral' (0#1) [C:/Users/youssef/Documents/mcu-soc/rapidx_basys3/rapidx_basys3.srcs/sources_1/new/basys3_uart_peripheral.sv:24]
INFO: [Synth 8-6157] synthesizing module 'display_engine' [C:/Users/youssef/Documents/mcu-soc/rapidx_basys3/rapidx_basys3.srcs/sources_1/imports/new/display_engine.sv:23]
INFO: [Synth 8-6157] synthesizing module 'blk_vram' [C:/Users/youssef/Documents/mcu-soc/rapidx_basys3/rapidx_basys3.runs/synth_1/.Xil/Vivado-20240-DESKTOP-T92VI6B/realtime/blk_vram_stub.v:6]
INFO: [Synth 8-6155] done synthesizing module 'blk_vram' (0#1) [C:/Users/youssef/Documents/mcu-soc/rapidx_basys3/rapidx_basys3.runs/synth_1/.Xil/Vivado-20240-DESKTOP-T92VI6B/realtime/blk_vram_stub.v:6]
WARNING: [Synth 8-689] width (19) of port connection 'addra' does not match port width (15) of module 'blk_vram' [C:/Users/youssef/Documents/mcu-soc/rapidx_basys3/rapidx_basys3.srcs/sources_1/imports/new/display_engine.sv:61]
WARNING: [Synth 8-689] width (19) of port connection 'addrb' does not match port width (15) of module 'blk_vram' [C:/Users/youssef/Documents/mcu-soc/rapidx_basys3/rapidx_basys3.srcs/sources_1/imports/new/display_engine.sv:65]
INFO: [Synth 8-6157] synthesizing module 'vga_driver' [C:/Users/youssef/Documents/mcu-soc/rapidx_basys3/rapidx_basys3.srcs/sources_1/imports/new/vga_driver.sv:15]
INFO: [Synth 8-6157] synthesizing module 'clock_divider' [C:/Users/youssef/Documents/mcu-soc/rapidx_basys3/rapidx_basys3.srcs/sources_1/imports/new/clock_divider.sv:24]
	Parameter TARGET_VALUE bound to: 0 - type: integer 
INFO: [Synth 8-6155] done synthesizing module 'clock_divider' (0#1) [C:/Users/youssef/Documents/mcu-soc/rapidx_basys3/rapidx_basys3.srcs/sources_1/imports/new/clock_divider.sv:24]
INFO: [Synth 8-6155] done synthesizing module 'vga_driver' (0#1) [C:/Users/youssef/Documents/mcu-soc/rapidx_basys3/rapidx_basys3.srcs/sources_1/imports/new/vga_driver.sv:15]
INFO: [Synth 8-6155] done synthesizing module 'display_engine' (0#1) [C:/Users/youssef/Documents/mcu-soc/rapidx_basys3/rapidx_basys3.srcs/sources_1/imports/new/display_engine.sv:23]
WARNING: [Synth 8-689] width (32) of port connection 'framebuffer_address' does not match port width (19) of module 'display_engine' [C:/Users/youssef/Documents/mcu-soc/rapidx_basys3/rapidx_basys3.srcs/sources_1/new/basys3_top_level.sv:211]
WARNING: [Synth 8-689] width (32) of port connection 'framebuffer_data' does not match port width (12) of module 'display_engine' [C:/Users/youssef/Documents/mcu-soc/rapidx_basys3/rapidx_basys3.srcs/sources_1/new/basys3_top_level.sv:212]
INFO: [Synth 8-6157] synthesizing module 'lcd_display' [C:/Users/youssef/Documents/mcu-soc/rapidx_basys3/rapidx_basys3.srcs/sources_1/imports/new/lcd_display.sv:2]
INFO: [Synth 8-6157] synthesizing module 'lcd_dsp' [C:/Users/youssef/Documents/mcu-soc/rapidx_basys3/rapidx_basys3.srcs/sources_1/imports/new/lcd_display.sv:81]
INFO: [Synth 8-6155] done synthesizing module 'lcd_dsp' (0#1) [C:/Users/youssef/Documents/mcu-soc/rapidx_basys3/rapidx_basys3.srcs/sources_1/imports/new/lcd_display.sv:81]
INFO: [Synth 8-6157] synthesizing module 'segment_driver' [C:/Users/youssef/Documents/mcu-soc/rapidx_basys3/rapidx_basys3.srcs/sources_1/imports/new/segment_driver.sv:23]
INFO: [Synth 8-6155] done synthesizing module 'segment_driver' (0#1) [C:/Users/youssef/Documents/mcu-soc/rapidx_basys3/rapidx_basys3.srcs/sources_1/imports/new/segment_driver.sv:23]
WARNING: [Synth 8-689] width (8) of port connection 'i_digit' does not match port width (4) of module 'segment_driver' [C:/Users/youssef/Documents/mcu-soc/rapidx_basys3/rapidx_basys3.srcs/sources_1/imports/new/lcd_display.sv:46]
WARNING: [Synth 8-689] width (8) of port connection 'i_digit' does not match port width (4) of module 'segment_driver' [C:/Users/youssef/Documents/mcu-soc/rapidx_basys3/rapidx_basys3.srcs/sources_1/imports/new/lcd_display.sv:52]
WARNING: [Synth 8-689] width (8) of port connection 'i_digit' does not match port width (4) of module 'segment_driver' [C:/Users/youssef/Documents/mcu-soc/rapidx_basys3/rapidx_basys3.srcs/sources_1/imports/new/lcd_display.sv:58]
WARNING: [Synth 8-689] width (8) of port connection 'i_digit' does not match port width (4) of module 'segment_driver' [C:/Users/youssef/Documents/mcu-soc/rapidx_basys3/rapidx_basys3.srcs/sources_1/imports/new/lcd_display.sv:64]
INFO: [Synth 8-6157] synthesizing module 'anode_mux' [C:/Users/youssef/Documents/mcu-soc/rapidx_basys3/rapidx_basys3.srcs/sources_1/imports/new/anode_mux.v:23]
INFO: [Synth 8-6157] synthesizing module 'bounded_counter' [C:/Users/youssef/Documents/mcu-soc/rapidx_basys3/rapidx_basys3.srcs/sources_1/imports/new/bounded_counter.sv:23]
	Parameter WIDTH bound to: 2 - type: integer 
	Parameter MaxValue bound to: 3 - type: integer 
INFO: [Synth 8-6155] done synthesizing module 'bounded_counter' (0#1) [C:/Users/youssef/Documents/mcu-soc/rapidx_basys3/rapidx_basys3.srcs/sources_1/imports/new/bounded_counter.sv:23]
INFO: [Synth 8-6157] synthesizing module 'clock_divider__parameterized0' [C:/Users/youssef/Documents/mcu-soc/rapidx_basys3/rapidx_basys3.srcs/sources_1/imports/new/clock_divider.sv:24]
	Parameter TARGET_VALUE bound to: 65104 - type: integer 
INFO: [Synth 8-6155] done synthesizing module 'clock_divider__parameterized0' (0#1) [C:/Users/youssef/Documents/mcu-soc/rapidx_basys3/rapidx_basys3.srcs/sources_1/imports/new/clock_divider.sv:24]
INFO: [Synth 8-6155] done synthesizing module 'anode_mux' (0#1) [C:/Users/youssef/Documents/mcu-soc/rapidx_basys3/rapidx_basys3.srcs/sources_1/imports/new/anode_mux.v:23]
INFO: [Synth 8-6155] done synthesizing module 'lcd_display' (0#1) [C:/Users/youssef/Documents/mcu-soc/rapidx_basys3/rapidx_basys3.srcs/sources_1/imports/new/lcd_display.sv:2]
INFO: [Synth 8-6157] synthesizing module 'keyboard_controller' [C:/Users/youssef/Documents/mcu-soc/rapidx_basys3/rapidx_basys3.srcs/sources_1/imports/new/keyboard_controller.sv:23]
INFO: [Synth 8-6157] synthesizing module 'ps2_keyboard' [C:/Users/youssef/Documents/mcu-soc/rapidx_basys3/rapidx_basys3.srcs/sources_1/imports/new/ps2_keyboard.sv:23]
INFO: [Synth 8-6155] done synthesizing module 'ps2_keyboard' (0#1) [C:/Users/youssef/Documents/mcu-soc/rapidx_basys3/rapidx_basys3.srcs/sources_1/imports/new/ps2_keyboard.sv:23]
INFO: [Synth 8-6155] done synthesizing module 'keyboard_controller' (0#1) [C:/Users/youssef/Documents/mcu-soc/rapidx_basys3/rapidx_basys3.srcs/sources_1/imports/new/keyboard_controller.sv:23]
INFO: [Synth 8-6155] done synthesizing module 'basys3_top_level' (0#1) [C:/Users/youssef/Documents/mcu-soc/rapidx_basys3/rapidx_basys3.srcs/sources_1/new/basys3_top_level.sv:22]
WARNING: [Synth 8-87] always_comb on 'o_imm_reg' did not result in combinational logic [C:/Users/youssef/Documents/mcu-soc/rapidx_basys3/rapidx_basys3.srcs/sources_1/imports/senior_design_current/decoder_logic.sv:76]
WARNING: [Synth 8-87] always_comb on 'o_pc_load_reg' did not result in combinational logic [C:/Users/youssef/Documents/mcu-soc/rapidx_basys3/rapidx_basys3.srcs/sources_1/imports/senior_design_current/execute_logic.sv:99]
WARNING: [Synth 8-6014] Unused sequential element ir_control_sig_reg[debug_instruction] was removed.  [C:/Users/youssef/Documents/mcu-soc/rapidx_basys3/rapidx_basys3.srcs/sources_1/new/basys3_memory_unit.sv:147]
WARNING: [Synth 8-6014] Unused sequential element counter_reg was removed.  [C:/Users/youssef/Documents/mcu-soc/rapidx_basys3/rapidx_basys3.srcs/sources_1/imports/new/clock_divider.sv:43]
WARNING: [Synth 8-7137] Register counter_reg in module ps2_keyboard has both Set and reset with same priority. This may cause simulation mismatches. Consider rewriting code  [C:/Users/youssef/Documents/mcu-soc/rapidx_basys3/rapidx_basys3.srcs/sources_1/imports/new/ps2_keyboard.sv:54]
WARNING: [Synth 8-7137] Register dataReady_reg in module ps2_keyboard has both Set and reset with same priority. This may cause simulation mismatches. Consider rewriting code  [C:/Users/youssef/Documents/mcu-soc/rapidx_basys3/rapidx_basys3.srcs/sources_1/imports/new/ps2_keyboard.sv:57]
WARNING: [Synth 8-7137] Register scancode_buffer_reg in module keyboard_controller has both Set and reset with same priority. This may cause simulation mismatches. Consider rewriting code 
WARNING: [Synth 8-4767] Trying to implement RAM 'scancode_buffer_reg' in registers. Block RAM or DRAM implementation is not possible; see log for reasons.
Reason is one or more of the following :
	1: RAM is sensitive to asynchronous reset signal. this RTL style is not supported. 
RAM "scancode_buffer_reg" dissolved into registers
WARNING: [Synth 8-3848] Net framebuf_word in module/entity basys3_top_level does not have driver. [C:/Users/youssef/Documents/mcu-soc/rapidx_basys3/rapidx_basys3.srcs/sources_1/new/basys3_top_level.sv:94]
WARNING: [Synth 8-3848] Net lcd_word in module/entity basys3_top_level does not have driver. [C:/Users/youssef/Documents/mcu-soc/rapidx_basys3/rapidx_basys3.srcs/sources_1/new/basys3_top_level.sv:96]
WARNING: [Synth 8-7129] Port clk in module ps2_keyboard is either unconnected or has no load
WARNING: [Synth 8-7129] Port clk in module lcd_dsp is either unconnected or has no load
WARNING: [Synth 8-7129] Port reset in module display_engine is either unconnected or has no load
WARNING: [Synth 8-7129] Port framebuffer_address[18] in module display_engine is either unconnected or has no load
WARNING: [Synth 8-7129] Port framebuffer_address[17] in module display_engine is either unconnected or has no load
WARNING: [Synth 8-7129] Port framebuffer_address[16] in module display_engine is either unconnected or has no load
WARNING: [Synth 8-7129] Port framebuffer_address[15] in module display_engine is either unconnected or has no load
WARNING: [Synth 8-7129] Port data_out[31] in module basys3_uart_peripheral is either unconnected or has no load
WARNING: [Synth 8-7129] Port data_out[30] in module basys3_uart_peripheral is either unconnected or has no load
WARNING: [Synth 8-7129] Port data_out[29] in module basys3_uart_peripheral is either unconnected or has no load
WARNING: [Synth 8-7129] Port data_out[28] in module basys3_uart_peripheral is either unconnected or has no load
WARNING: [Synth 8-7129] Port data_out[27] in module basys3_uart_peripheral is either unconnected or has no load
WARNING: [Synth 8-7129] Port data_out[26] in module basys3_uart_peripheral is either unconnected or has no load
WARNING: [Synth 8-7129] Port data_out[25] in module basys3_uart_peripheral is either unconnected or has no load
WARNING: [Synth 8-7129] Port data_out[24] in module basys3_uart_peripheral is either unconnected or has no load
WARNING: [Synth 8-7129] Port data_out[23] in module basys3_uart_peripheral is either unconnected or has no load
WARNING: [Synth 8-7129] Port data_out[22] in module basys3_uart_peripheral is either unconnected or has no load
WARNING: [Synth 8-7129] Port data_out[21] in module basys3_uart_peripheral is either unconnected or has no load
WARNING: [Synth 8-7129] Port data_out[20] in module basys3_uart_peripheral is either unconnected or has no load
WARNING: [Synth 8-7129] Port data_out[19] in module basys3_uart_peripheral is either unconnected or has no load
WARNING: [Synth 8-7129] Port data_out[18] in module basys3_uart_peripheral is either unconnected or has no load
WARNING: [Synth 8-7129] Port data_out[17] in module basys3_uart_peripheral is either unconnected or has no load
WARNING: [Synth 8-7129] Port data_out[16] in module basys3_uart_peripheral is either unconnected or has no load
WARNING: [Synth 8-7129] Port data_out[15] in module basys3_uart_peripheral is either unconnected or has no load
WARNING: [Synth 8-7129] Port data_out[14] in module basys3_uart_peripheral is either unconnected or has no load
WARNING: [Synth 8-7129] Port data_out[13] in module basys3_uart_peripheral is either unconnected or has no load
WARNING: [Synth 8-7129] Port data_out[12] in module basys3_uart_peripheral is either unconnected or has no load
WARNING: [Synth 8-7129] Port data_out[11] in module basys3_uart_peripheral is either unconnected or has no load
WARNING: [Synth 8-7129] Port data_out[10] in module basys3_uart_peripheral is either unconnected or has no load
WARNING: [Synth 8-7129] Port data_out[9] in module basys3_uart_peripheral is either unconnected or has no load
WARNING: [Synth 8-7129] Port data_out[8] in module basys3_uart_peripheral is either unconnected or has no load
WARNING: [Synth 8-7129] Port data_out[31] in module basys3_gpio_peripheral is either unconnected or has no load
WARNING: [Synth 8-7129] Port data_out[30] in module basys3_gpio_peripheral is either unconnected or has no load
WARNING: [Synth 8-7129] Port data_out[29] in module basys3_gpio_peripheral is either unconnected or has no load
WARNING: [Synth 8-7129] Port data_out[28] in module basys3_gpio_peripheral is either unconnected or has no load
WARNING: [Synth 8-7129] Port data_out[27] in module basys3_gpio_peripheral is either unconnected or has no load
WARNING: [Synth 8-7129] Port data_out[26] in module basys3_gpio_peripheral is either unconnected or has no load
WARNING: [Synth 8-7129] Port data_out[25] in module basys3_gpio_peripheral is either unconnected or has no load
WARNING: [Synth 8-7129] Port data_out[24] in module basys3_gpio_peripheral is either unconnected or has no load
WARNING: [Synth 8-7129] Port data_out[23] in module basys3_gpio_peripheral is either unconnected or has no load
WARNING: [Synth 8-7129] Port data_out[22] in module basys3_gpio_peripheral is either unconnected or has no load
WARNING: [Synth 8-7129] Port data_out[21] in module basys3_gpio_peripheral is either unconnected or has no load
WARNING: [Synth 8-7129] Port data_out[20] in module basys3_gpio_peripheral is either unconnected or has no load
WARNING: [Synth 8-7129] Port data_out[19] in module basys3_gpio_peripheral is either unconnected or has no load
WARNING: [Synth 8-7129] Port data_out[18] in module basys3_gpio_peripheral is either unconnected or has no load
WARNING: [Synth 8-7129] Port data_out[17] in module basys3_gpio_peripheral is either unconnected or has no load
WARNING: [Synth 8-7129] Port data_out[16] in module basys3_gpio_peripheral is either unconnected or has no load
WARNING: [Synth 8-7129] Port i_control_sig[debug_instruction][31] in module basys3_memory_unit is either unconnected or has no load
WARNING: [Synth 8-7129] Port i_control_sig[debug_instruction][30] in module basys3_memory_unit is either unconnected or has no load
WARNING: [Synth 8-7129] Port i_control_sig[debug_instruction][29] in module basys3_memory_unit is either unconnected or has no load
WARNING: [Synth 8-7129] Port i_control_sig[debug_instruction][28] in module basys3_memory_unit is either unconnected or has no load
WARNING: [Synth 8-7129] Port i_control_sig[debug_instruction][27] in module basys3_memory_unit is either unconnected or has no load
WARNING: [Synth 8-7129] Port i_control_sig[debug_instruction][26] in module basys3_memory_unit is either unconnected or has no load
WARNING: [Synth 8-7129] Port i_control_sig[debug_instruction][25] in module basys3_memory_unit is either unconnected or has no load
WARNING: [Synth 8-7129] Port i_control_sig[debug_instruction][24] in module basys3_memory_unit is either unconnected or has no load
WARNING: [Synth 8-7129] Port i_control_sig[debug_instruction][23] in module basys3_memory_unit is either unconnected or has no load
WARNING: [Synth 8-7129] Port i_control_sig[debug_instruction][22] in module basys3_memory_unit is either unconnected or has no load
WARNING: [Synth 8-7129] Port i_control_sig[debug_instruction][21] in module basys3_memory_unit is either unconnected or has no load
WARNING: [Synth 8-7129] Port i_control_sig[debug_instruction][20] in module basys3_memory_unit is either unconnected or has no load
WARNING: [Synth 8-7129] Port i_control_sig[debug_instruction][19] in module basys3_memory_unit is either unconnected or has no load
WARNING: [Synth 8-7129] Port i_control_sig[debug_instruction][18] in module basys3_memory_unit is either unconnected or has no load
WARNING: [Synth 8-7129] Port i_control_sig[debug_instruction][17] in module basys3_memory_unit is either unconnected or has no load
WARNING: [Synth 8-7129] Port i_control_sig[debug_instruction][16] in module basys3_memory_unit is either unconnected or has no load
WARNING: [Synth 8-7129] Port i_control_sig[debug_instruction][15] in module basys3_memory_unit is either unconnected or has no load
WARNING: [Synth 8-7129] Port i_control_sig[debug_instruction][14] in module basys3_memory_unit is either unconnected or has no load
WARNING: [Synth 8-7129] Port i_control_sig[debug_instruction][13] in module basys3_memory_unit is either unconnected or has no load
WARNING: [Synth 8-7129] Port i_control_sig[debug_instruction][12] in module basys3_memory_unit is either unconnected or has no load
WARNING: [Synth 8-7129] Port i_control_sig[debug_instruction][11] in module basys3_memory_unit is either unconnected or has no load
WARNING: [Synth 8-7129] Port i_control_sig[debug_instruction][10] in module basys3_memory_unit is either unconnected or has no load
WARNING: [Synth 8-7129] Port i_control_sig[debug_instruction][9] in module basys3_memory_unit is either unconnected or has no load
WARNING: [Synth 8-7129] Port i_control_sig[debug_instruction][8] in module basys3_memory_unit is either unconnected or has no load
WARNING: [Synth 8-7129] Port i_control_sig[debug_instruction][7] in module basys3_memory_unit is either unconnected or has no load
WARNING: [Synth 8-7129] Port i_control_sig[debug_instruction][6] in module basys3_memory_unit is either unconnected or has no load
WARNING: [Synth 8-7129] Port i_control_sig[debug_instruction][5] in module basys3_memory_unit is either unconnected or has no load
WARNING: [Synth 8-7129] Port i_control_sig[debug_instruction][4] in module basys3_memory_unit is either unconnected or has no load
WARNING: [Synth 8-7129] Port i_control_sig[debug_instruction][3] in module basys3_memory_unit is either unconnected or has no load
WARNING: [Synth 8-7129] Port i_control_sig[debug_instruction][2] in module basys3_memory_unit is either unconnected or has no load
WARNING: [Synth 8-7129] Port i_control_sig[debug_instruction][1] in module basys3_memory_unit is either unconnected or has no load
WARNING: [Synth 8-7129] Port i_control_sig[debug_instruction][0] in module basys3_memory_unit is either unconnected or has no load
WARNING: [Synth 8-7129] Port i_control_signal[rs1_out] in module execute_logic is either unconnected or has no load
WARNING: [Synth 8-7129] Port i_control_signal[rs2_out] in module execute_logic is either unconnected or has no load
WARNING: [Synth 8-7129] Port i_control_signal[rs1][4] in module execute_logic is either unconnected or has no load
WARNING: [Synth 8-7129] Port i_control_signal[rs1][3] in module execute_logic is either unconnected or has no load
WARNING: [Synth 8-7129] Port i_control_signal[rs1][2] in module execute_logic is either unconnected or has no load
WARNING: [Synth 8-7129] Port i_control_signal[rs1][1] in module execute_logic is either unconnected or has no load
WARNING: [Synth 8-7129] Port i_control_signal[rs1][0] in module execute_logic is either unconnected or has no load
WARNING: [Synth 8-7129] Port i_control_signal[rs2][4] in module execute_logic is either unconnected or has no load
WARNING: [Synth 8-7129] Port i_control_signal[rs2][3] in module execute_logic is either unconnected or has no load
WARNING: [Synth 8-7129] Port i_control_signal[rs2][2] in module execute_logic is either unconnected or has no load
WARNING: [Synth 8-7129] Port i_control_signal[rs2][1] in module execute_logic is either unconnected or has no load
WARNING: [Synth 8-7129] Port i_control_signal[rs2][0] in module execute_logic is either unconnected or has no load
WARNING: [Synth 8-7129] Port ex_mem_signal[mem] in module register_file is either unconnected or has no load
WARNING: [Synth 8-7129] Port ex_mem_signal[iop] in module register_file is either unconnected or has no load
WARNING: [Synth 8-7129] Port ex_mem_signal[fcs_opcode][2] in module register_file is either unconnected or has no load
WARNING: [Synth 8-7129] Port ex_mem_signal[fcs_opcode][1] in module register_file is either unconnected or has no load
WARNING: [Synth 8-7129] Port ex_mem_signal[fcs_opcode][0] in module register_file is either unconnected or has no load
WARNING: [Synth 8-7129] Port ex_mem_signal[rd][4] in module register_file is either unconnected or has no load
WARNING: [Synth 8-7129] Port ex_mem_signal[rd][3] in module register_file is either unconnected or has no load
WARNING: [Synth 8-7129] Port ex_mem_signal[rd][2] in module register_file is either unconnected or has no load
WARNING: [Synth 8-7129] Port ex_mem_signal[rd][1] in module register_file is either unconnected or has no load
INFO: [Common 17-14] Message 'Synth 8-7129' appears 100 times and further instances of the messages will be disabled. Use the Tcl command set_msg_config to change the current settings.
---------------------------------------------------------------------------------
Finished RTL Elaboration : Time (s): cpu = 00:00:07 ; elapsed = 00:00:08 . Memory (MB): peak = 1138.629 ; gain = 590.094
---------------------------------------------------------------------------------
---------------------------------------------------------------------------------
Start Handling Custom Attributes
---------------------------------------------------------------------------------
---------------------------------------------------------------------------------
Finished Handling Custom Attributes : Time (s): cpu = 00:00:08 ; elapsed = 00:00:08 . Memory (MB): peak = 1138.629 ; gain = 590.094
---------------------------------------------------------------------------------
---------------------------------------------------------------------------------
Finished RTL Optimization Phase 1 : Time (s): cpu = 00:00:08 ; elapsed = 00:00:08 . Memory (MB): peak = 1138.629 ; gain = 590.094
---------------------------------------------------------------------------------
Netlist sorting complete. Time (s): cpu = 00:00:00 ; elapsed = 00:00:00.085 . Memory (MB): peak = 1138.629 ; gain = 0.000
INFO: [Project 1-570] Preparing netlist for logic optimization

Processing XDC Constraints
Initializing timing engine
Parsing XDC File [c:/Users/youssef/Documents/mcu-soc/rapidx_basys3/rapidx_basys3.gen/sources_1/ip/blk_mem_ram/blk_mem_ram/blk_mem_ram_in_context.xdc] for cell 'ram'
Finished Parsing XDC File [c:/Users/youssef/Documents/mcu-soc/rapidx_basys3/rapidx_basys3.gen/sources_1/ip/blk_mem_ram/blk_mem_ram/blk_mem_ram_in_context.xdc] for cell 'ram'
Parsing XDC File [c:/Users/youssef/Documents/mcu-soc/rapidx_basys3/rapidx_basys3.gen/sources_1/ip/blk_vram/blk_vram/blk_vram_in_context.xdc] for cell 'display_engine_inst/vram_framebuffer'
Finished Parsing XDC File [c:/Users/youssef/Documents/mcu-soc/rapidx_basys3/rapidx_basys3.gen/sources_1/ip/blk_vram/blk_vram/blk_vram_in_context.xdc] for cell 'display_engine_inst/vram_framebuffer'
Parsing XDC File [c:/Users/youssef/Documents/mcu-soc/rapidx_basys3/rapidx_basys3.gen/sources_1/ip/blk_mem_rom/blk_mem_rom/blk_mem_rom_in_context.xdc] for cell 'rom'
Finished Parsing XDC File [c:/Users/youssef/Documents/mcu-soc/rapidx_basys3/rapidx_basys3.gen/sources_1/ip/blk_mem_rom/blk_mem_rom/blk_mem_rom_in_context.xdc] for cell 'rom'
Parsing XDC File [C:/Users/youssef/Documents/mcu-soc/rapidx_basys3/rapidx_basys3.srcs/constrs_1/imports/Desktop/Basys3_Master.xdc]
Finished Parsing XDC File [C:/Users/youssef/Documents/mcu-soc/rapidx_basys3/rapidx_basys3.srcs/constrs_1/imports/Desktop/Basys3_Master.xdc]
INFO: [Project 1-236] Implementation specific constraints were found while reading constraint file [C:/Users/youssef/Documents/mcu-soc/rapidx_basys3/rapidx_basys3.srcs/constrs_1/imports/Desktop/Basys3_Master.xdc]. These constraints will be ignored for synthesis but will be used in implementation. Impacted constraints are listed in the file [.Xil/basys3_top_level_propImpl.xdc].
Resolution: To avoid this warning, move constraints listed in [.Xil/basys3_top_level_propImpl.xdc] to another XDC file and exclude this new file from synthesis with the used_in_synthesis property (File Properties dialog in GUI) and re-run elaboration/synthesis.
Completed Processing XDC Constraints

Netlist sorting complete. Time (s): cpu = 00:00:00 ; elapsed = 00:00:00.001 . Memory (MB): peak = 1226.195 ; gain = 0.000
INFO: [Project 1-111] Unisim Transformation Summary:
No Unisim elements were transformed.

Constraint Validation Runtime : Time (s): cpu = 00:00:00 ; elapsed = 00:00:00.011 . Memory (MB): peak = 1226.195 ; gain = 0.000
WARNING: [Timing 38-316] Clock period '20.000' specified during out-of-context synthesis of instance 'ram' at clock pin 'clka' is different from the actual clock period '10.000', this can lead to different synthesis results.
WARNING: [Timing 38-316] Clock period '20.000' specified during out-of-context synthesis of instance 'rom' at clock pin 'clka' is different from the actual clock period '10.000', this can lead to different synthesis results.
WARNING: [Timing 38-316] Clock period '20.000' specified during out-of-context synthesis of instance 'display_engine_inst/vram_framebuffer' at clock pin 'clka' is different from the actual clock period '10.000', this can lead to different synthesis results.
INFO: [Designutils 20-5440] No compile time benefit to using incremental synthesis; A full resynthesis will be run
INFO: [Designutils 20-4379] Flow is switching to default flow due to incremental criteria not met. If you would like to alter this behaviour and have the flow terminate instead, please set the following parameter config_implementation {autoIncr.Synth.RejectBehavior Terminate}
---------------------------------------------------------------------------------
Finished Constraint Validation : Time (s): cpu = 00:00:16 ; elapsed = 00:00:16 . Memory (MB): peak = 1227.000 ; gain = 678.465
---------------------------------------------------------------------------------
---------------------------------------------------------------------------------
Start Loading Part and Timing Information
---------------------------------------------------------------------------------
Loading part: xc7a35tcpg236-1
---------------------------------------------------------------------------------
Finished Loading Part and Timing Information : Time (s): cpu = 00:00:16 ; elapsed = 00:00:16 . Memory (MB): peak = 1227.000 ; gain = 678.465
---------------------------------------------------------------------------------
---------------------------------------------------------------------------------
Start Applying 'set_property' XDC Constraints
---------------------------------------------------------------------------------
Applied set_property KEEP_HIERARCHY = SOFT for ram. (constraint file  auto generated constraint).
Applied set_property KEEP_HIERARCHY = SOFT for display_engine_inst/vram_framebuffer. (constraint file  auto generated constraint).
Applied set_property KEEP_HIERARCHY = SOFT for rom. (constraint file  auto generated constraint).
---------------------------------------------------------------------------------
Finished applying 'set_property' XDC Constraints : Time (s): cpu = 00:00:16 ; elapsed = 00:00:17 . Memory (MB): peak = 1227.000 ; gain = 678.465
---------------------------------------------------------------------------------
INFO: [Synth 8-802] inferred FSM for state register 'state_reg' in module 'uart_tx'
INFO: [Synth 8-802] inferred FSM for state register 'state_reg' in module 'uart_rx'
WARNING: [Synth 8-327] inferring latch for variable 'o_imm_reg' [C:/Users/youssef/Documents/mcu-soc/rapidx_basys3/rapidx_basys3.srcs/sources_1/imports/senior_design_current/decoder_logic.sv:76]
WARNING: [Synth 8-327] inferring latch for variable 'o_pc_load_reg' [C:/Users/youssef/Documents/mcu-soc/rapidx_basys3/rapidx_basys3.srcs/sources_1/imports/senior_design_current/execute_logic.sv:99]
---------------------------------------------------------------------------------------------------
                   State |                     New Encoding |                Previous Encoding 
---------------------------------------------------------------------------------------------------
                STT_WAIT |                              001 |                               10
                STT_DATA |                              010 |                               00
                STT_STOP |                              100 |                               01
---------------------------------------------------------------------------------------------------
INFO: [Synth 8-3354] encoded FSM with state register 'state_reg' using encoding 'one-hot' in module 'uart_tx'
---------------------------------------------------------------------------------------------------
                   State |                     New Encoding |                Previous Encoding 
---------------------------------------------------------------------------------------------------
                STT_WAIT |                              001 |                               10
                STT_DATA |                              010 |                               00
                STT_STOP |                              100 |                               01
---------------------------------------------------------------------------------------------------
INFO: [Synth 8-3354] encoded FSM with state register 'state_reg' using encoding 'one-hot' in module 'uart_rx'
---------------------------------------------------------------------------------
Finished RTL Optimization Phase 2 : Time (s): cpu = 00:00:17 ; elapsed = 00:00:17 . Memory (MB): peak = 1227.000 ; gain = 678.465
---------------------------------------------------------------------------------
---------------------------------------------------------------------------------
Start RTL Component Statistics 
---------------------------------------------------------------------------------
Detailed RTL Component Info : 
+---Adders : 
	   2 Input   32 Bit       Adders := 6     
	   3 Input   32 Bit       Adders := 1     
	   2 Input   16 Bit       Adders := 1     
	   2 Input   11 Bit       Adders := 4     
	   2 Input    4 Bit       Adders := 4     
	   2 Input    3 Bit       Adders := 1     
	   2 Input    2 Bit       Adders := 3     
+---XORs : 
	   2 Input     32 Bit         XORs := 1     
+---Registers : 
	               32 Bit    Registers := 44    
	               29 Bit    Registers := 1     
	               16 Bit    Registers := 2     
	               14 Bit    Registers := 1     
	               11 Bit    Registers := 4     
	                8 Bit    Registers := 23    
	                5 Bit    Registers := 5     
	                4 Bit    Registers := 8     
	                3 Bit    Registers := 3     
	                2 Bit    Registers := 3     
	                1 Bit    Registers := 19    
+---Muxes : 
	   2 Input   32 Bit        Muxes := 29    
	   3 Input   32 Bit        Muxes := 1     
	   4 Input   32 Bit        Muxes := 3     
	   2 Input   24 Bit        Muxes := 1     
	   2 Input   19 Bit        Muxes := 1     
	   2 Input   16 Bit        Muxes := 2     
	   2 Input   11 Bit        Muxes := 3     
	   3 Input   11 Bit        Muxes := 2     
	   4 Input    8 Bit        Muxes := 1     
	   2 Input    8 Bit        Muxes := 5     
	   2 Input    5 Bit        Muxes := 3     
	   2 Input    4 Bit        Muxes := 12    
	   4 Input    4 Bit        Muxes := 2     
	   3 Input    4 Bit        Muxes := 1     
	   2 Input    3 Bit        Muxes := 1     
	   3 Input    3 Bit        Muxes := 1     
	   2 Input    2 Bit        Muxes := 1     
	   2 Input    1 Bit        Muxes := 57    
	   8 Input    1 Bit        Muxes := 1     
	   3 Input    1 Bit        Muxes := 11    
	  17 Input    1 Bit        Muxes := 1     
---------------------------------------------------------------------------------
Finished RTL Component Statistics 
---------------------------------------------------------------------------------
---------------------------------------------------------------------------------
Start Part Resource Summary
---------------------------------------------------------------------------------
Part Resources:
DSPs: 90 (col length:60)
BRAMs: 100 (col length: RAMB18 60 RAMB36 30)
---------------------------------------------------------------------------------
Finished Part Resource Summary
---------------------------------------------------------------------------------
---------------------------------------------------------------------------------
Start Cross Boundary and Area Optimization
---------------------------------------------------------------------------------
WARNING: [Synth 8-7080] Parallel synthesis criteria is not met
DSP Report: Generating DSP address0, operation Mode is: C'+(A:0x280)*B2.
DSP Report: register address0 is absorbed into DSP address0.
DSP Report: register address0 is absorbed into DSP address0.
DSP Report: operator address0 is absorbed into DSP address0.
DSP Report: operator address1 is absorbed into DSP address0.
---------------------------------------------------------------------------------
Finished Cross Boundary and Area Optimization : Time (s): cpu = 00:00:39 ; elapsed = 00:00:40 . Memory (MB): peak = 1408.383 ; gain = 859.848
---------------------------------------------------------------------------------
 Sort Area is  address0_0 : 0 0 : 118 118 : Used 1 time 0
---------------------------------------------------------------------------------
Start ROM, RAM, DSP, Shift Register and Retiming Reporting
---------------------------------------------------------------------------------

DSP: Preliminary Mapping Report (see note below. The ' indicates corresponding REG is set)
+---------------+-----------------+--------+--------+--------+--------+--------+------+------+------+------+-------+------+------+
|Module Name    | DSP Mapping     | A Size | B Size | C Size | D Size | P Size | AREG | BREG | CREG | DREG | ADREG | MREG | PREG | 
+---------------+-----------------+--------+--------+--------+--------+--------+------+------+------+------+-------+------+------+
|display_engine | C'+(A:0x280)*B2 | 9      | 10     | 9      | -      | 15     | 1    | 0    | 1    | -    | -     | 0    | 0    | 
+---------------+-----------------+--------+--------+--------+--------+--------+------+------+------+------+-------+------+------+

Note: The table above is a preliminary report that shows the DSPs inferred at the current stage of the synthesis flow. Some DSP may be reimplemented as non DSP primitives later in the synthesis flow. Multiple instantiated DSPs are reported only once.
---------------------------------------------------------------------------------
Finished ROM, RAM, DSP, Shift Register and Retiming Reporting
---------------------------------------------------------------------------------
---------------------------------------------------------------------------------
Start Applying XDC Timing Constraints
---------------------------------------------------------------------------------
---------------------------------------------------------------------------------
Finished Applying XDC Timing Constraints : Time (s): cpu = 00:00:47 ; elapsed = 00:00:48 . Memory (MB): peak = 1408.383 ; gain = 859.848
---------------------------------------------------------------------------------
---------------------------------------------------------------------------------
Start Timing Optimization
---------------------------------------------------------------------------------
---------------------------------------------------------------------------------
Finished Timing Optimization : Time (s): cpu = 00:00:56 ; elapsed = 00:00:57 . Memory (MB): peak = 1573.785 ; gain = 1025.250
---------------------------------------------------------------------------------
---------------------------------------------------------------------------------
Start Technology Mapping
---------------------------------------------------------------------------------
WARNING: [Synth 8-3332] Sequential element (keyboard_controller_inst/kbd_driver/counter_reg[3]_LDC) is unused and will be removed from module basys3_top_level.
WARNING: [Synth 8-3332] Sequential element (keyboard_controller_inst/kbd_driver/counter_reg[3]_P) is unused and will be removed from module basys3_top_level.
WARNING: [Synth 8-3332] Sequential element (keyboard_controller_inst/kbd_driver/counter_reg[2]_LDC) is unused and will be removed from module basys3_top_level.
WARNING: [Synth 8-3332] Sequential element (keyboard_controller_inst/kbd_driver/counter_reg[2]_P) is unused and will be removed from module basys3_top_level.
WARNING: [Synth 8-3332] Sequential element (keyboard_controller_inst/kbd_driver/counter_reg[1]_LDC) is unused and will be removed from module basys3_top_level.
WARNING: [Synth 8-3332] Sequential element (keyboard_controller_inst/kbd_driver/counter_reg[1]_P) is unused and will be removed from module basys3_top_level.
WARNING: [Synth 8-3332] Sequential element (keyboard_controller_inst/kbd_driver/counter_reg[0]_LDC) is unused and will be removed from module basys3_top_level.
WARNING: [Synth 8-3332] Sequential element (keyboard_controller_inst/kbd_driver/counter_reg[0]_P) is unused and will be removed from module basys3_top_level.
---------------------------------------------------------------------------------
Finished Technology Mapping : Time (s): cpu = 00:00:58 ; elapsed = 00:00:59 . Memory (MB): peak = 1591.453 ; gain = 1042.918
---------------------------------------------------------------------------------
---------------------------------------------------------------------------------
Start IO Insertion
---------------------------------------------------------------------------------
---------------------------------------------------------------------------------
Start Flattening Before IO Insertion
---------------------------------------------------------------------------------
---------------------------------------------------------------------------------
Finished Flattening Before IO Insertion
---------------------------------------------------------------------------------
---------------------------------------------------------------------------------
Start Final Netlist Cleanup
---------------------------------------------------------------------------------
---------------------------------------------------------------------------------
Finished Final Netlist Cleanup
---------------------------------------------------------------------------------
---------------------------------------------------------------------------------
Finished IO Insertion : Time (s): cpu = 00:01:02 ; elapsed = 00:01:03 . Memory (MB): peak = 1710.141 ; gain = 1161.605
---------------------------------------------------------------------------------
---------------------------------------------------------------------------------
Start Renaming Generated Instances
---------------------------------------------------------------------------------
---------------------------------------------------------------------------------
Finished Renaming Generated Instances : Time (s): cpu = 00:01:02 ; elapsed = 00:01:03 . Memory (MB): peak = 1710.141 ; gain = 1161.605
---------------------------------------------------------------------------------
---------------------------------------------------------------------------------
Start Rebuilding User Hierarchy
---------------------------------------------------------------------------------
---------------------------------------------------------------------------------
Finished Rebuilding User Hierarchy : Time (s): cpu = 00:01:02 ; elapsed = 00:01:03 . Memory (MB): peak = 1710.141 ; gain = 1161.605
---------------------------------------------------------------------------------
---------------------------------------------------------------------------------
Start Renaming Generated Ports
---------------------------------------------------------------------------------
---------------------------------------------------------------------------------
Finished Renaming Generated Ports : Time (s): cpu = 00:01:02 ; elapsed = 00:01:03 . Memory (MB): peak = 1710.141 ; gain = 1161.605
---------------------------------------------------------------------------------
---------------------------------------------------------------------------------
Start Handling Custom Attributes
---------------------------------------------------------------------------------
---------------------------------------------------------------------------------
Finished Handling Custom Attributes : Time (s): cpu = 00:01:02 ; elapsed = 00:01:03 . Memory (MB): peak = 1710.141 ; gain = 1161.605
---------------------------------------------------------------------------------
---------------------------------------------------------------------------------
Start Renaming Generated Nets
---------------------------------------------------------------------------------
---------------------------------------------------------------------------------
Finished Renaming Generated Nets : Time (s): cpu = 00:01:02 ; elapsed = 00:01:03 . Memory (MB): peak = 1710.141 ; gain = 1161.605
---------------------------------------------------------------------------------
---------------------------------------------------------------------------------
Start Writing Synthesis Report
---------------------------------------------------------------------------------

DSP Final Report (the ' indicates corresponding REG is set)
+---------------+-------------+--------+--------+--------+--------+--------+------+------+------+------+-------+------+------+
|Module Name    | DSP Mapping | A Size | B Size | C Size | D Size | P Size | AREG | BREG | CREG | DREG | ADREG | MREG | PREG | 
+---------------+-------------+--------+--------+--------+--------+--------+------+------+------+------+-------+------+------+
|display_engine | C'+A'*B     | 9      | 10     | 9      | -      | 15     | 1    | 0    | 1    | -    | -     | 0    | 0    | 
+---------------+-------------+--------+--------+--------+--------+--------+------+------+------+------+-------+------+------+


Report BlackBoxes: 
+------+--------------+----------+
|      |BlackBox name |Instances |
+------+--------------+----------+
|1     |blk_mem_rom   |         1|
|2     |blk_mem_ram   |         1|
|3     |blk_vram      |         1|
+------+--------------+----------+

Report Cell Usage: 
+------+------------+------+
|      |Cell        |Count |
+------+------------+------+
|1     |blk_mem_ram |     1|
|2     |blk_mem_rom |     1|
|3     |blk_vram    |     1|
|4     |BUFG        |     3|
|5     |CARRY4      |   178|
|6     |DSP48E1     |     1|
|7     |LUT1        |    16|
|8     |LUT2        |   418|
|9     |LUT3        |   504|
|10    |LUT4        |   265|
|11    |LUT5        |   522|
|12    |LUT6        |  1311|
|13    |MUXF7       |   272|
|14    |MUXF8       |   136|
|15    |FDCE        |  1398|
|16    |FDPE        |     7|
|17    |FDRE        |   285|
|18    |FDSE        |    10|
|19    |LD          |    32|
|20    |LDC         |     1|
|21    |IBUF        |    25|
|22    |OBUF        |    43|
+------+------------+------+
---------------------------------------------------------------------------------
Finished Writing Synthesis Report : Time (s): cpu = 00:01:02 ; elapsed = 00:01:03 . Memory (MB): peak = 1710.141 ; gain = 1161.605
---------------------------------------------------------------------------------
Synthesis finished with 0 errors, 0 critical warnings and 111 warnings.
Synthesis Optimization Runtime : Time (s): cpu = 00:00:53 ; elapsed = 00:01:01 . Memory (MB): peak = 1710.141 ; gain = 1073.234
Synthesis Optimization Complete : Time (s): cpu = 00:01:03 ; elapsed = 00:01:04 . Memory (MB): peak = 1710.141 ; gain = 1161.605
INFO: [Project 1-571] Translating synthesized netlist
Netlist sorting complete. Time (s): cpu = 00:00:00 ; elapsed = 00:00:00.077 . Memory (MB): peak = 1719.293 ; gain = 0.000
INFO: [Netlist 29-17] Analyzing 620 Unisim elements for replacement
INFO: [Netlist 29-28] Unisim Transformation completed in 0 CPU seconds
INFO: [Project 1-570] Preparing netlist for logic optimization
INFO: [Opt 31-138] Pushed 0 inverter(s) to 0 load pin(s).
Netlist sorting complete. Time (s): cpu = 00:00:00 ; elapsed = 00:00:00.001 . Memory (MB): peak = 1723.000 ; gain = 0.000
INFO: [Project 1-111] Unisim Transformation Summary:
  A total of 33 instances were transformed.
  LD => LDCE: 32 instances
  LDC => LDCE: 1 instance 

Synth Design complete | Checksum: e2d427de
INFO: [Common 17-83] Releasing license: Synthesis
101 Infos, 195 Warnings, 4 Critical Warnings and 0 Errors encountered.
synth_design completed successfully
synth_design: Time (s): cpu = 00:01:08 ; elapsed = 00:01:11 . Memory (MB): peak = 1723.000 ; gain = 1369.953
INFO: [runtcl-6] Synthesis results are not added to the cache due to CRITICAL_WARNING
Write ShapeDB Complete: Time (s): cpu = 00:00:00 ; elapsed = 00:00:00.010 . Memory (MB): peak = 1723.000 ; gain = 0.000
INFO: [Common 17-1381] The checkpoint 'C:/Users/youssef/Documents/mcu-soc/rapidx_basys3/rapidx_basys3.runs/synth_1/basys3_top_level.dcp' has been generated.
INFO: [Vivado 12-24828] Executing command : report_utilization -file basys3_top_level_utilization_synth.rpt -pb basys3_top_level_utilization_synth.pb
INFO: [Common 17-206] Exiting Vivado at Fri Apr 11 00:15:48 2025...
