Operating system: Linux
                  0.0.0 Linux 4.18.0-513.9.1.el8_9.x86_64 #1 SMP Wed Nov 29 18:55:19 UTC 2023 x86_64
CPU: x86
     GenuineIntel family 6 model 45 stepping 7
     16 CPUs

GPU: UNKNOWN

Crash reason:  DUMP_REQUESTED
Crash address: 0xf7a4537d
Process uptime: not available

Thread 0 (crashed)
 0  libcbreakpad.so + 0x2e37d
    eip = 0xf7a4537d   esp = 0xf73a1530   ebp = 0xf73a1668   ebx = 0xf7a78000
    esi = 0xf73a1718   edi = 0xf73a1698   eax = 0x00000001   ecx = 0x00000001
    edx = 0xf7f3b108   efl = 0xf73a1534
    Found by: given as instruction pointer in context
 1  libcbreakpad.so + 0x2c665
    eip = 0xf7a43665   esp = 0xf73a1670   ebp = 0xf73a17c8
    Found by: previous frame's frame pointer
 2  xmsim + 0x16cd460
    eip = 0x09715460   esp = 0xf73a17d0   ebp = 0xf73a1ac8
    Found by: previous frame's frame pointer
 3  xmsim + 0x7fa3e3
    eip = 0x088423e3   esp = 0xf73a1ad0   ebp = 0xf73a1af8
    Found by: previous frame's frame pointer
 4  linux-gate.so + 0x1150
    eip = 0xf7f31150   esp = 0xf73a1b00   ebp = 0xff9e1b64
    Found by: previous frame's frame pointer

Loaded modules:
0x08048000 - 0x0a11afff  xmsim  ???  (main)  (WARNING: No symbols, xmsim, EA509445859A7216E31C487B494E1D150)
0xf73e5000 - 0xf73f8fff  libml_uvm.so  ???
0xf7406000 - 0xf750bfff  libStrapNC.so  ???
0xf75fa000 - 0xf7678fff  libdcapi.so  ???
0xf7699000 - 0xf76acfff  libresolv-2.28.so  ???
0xf76b2000 - 0xf76bdfff  libnss_files-2.28.so  ???
0xf76cc000 - 0xf76cffff  libxdt.so  ???
0xf76d6000 - 0xf794dfff  LC_COLLATE  ???
0xf794e000 - 0xf79a0fff  LC_CTYPE  ???
0xf79e2000 - 0xf7a10fff  libxmjudy.so.1.0.3  ???
0xf7a17000 - 0xf7a63fff  libcbreakpad.so  ???  (WARNING: No symbols, libcbreakpad.so, EDDFCAF338AE38A94285977CFA143FCA0)
0xf7a86000 - 0xf7c27fff  libc-2.28.so  ???
0xf7c2f000 - 0xf7c44fff  libgcc_s.so.1  ???
0xf7c4c000 - 0xf7dbafff  libstdc++.so.6.0.28  ???
0xf7e23000 - 0xf7ef2fff  libm-2.28.so  ???
0xf7ef5000 - 0xf7ef7fff  libdl-2.28.so  ???
0xf7efa000 - 0xf7f15fff  libpthread-2.28.so  ???
0xf7f1c000 - 0xf7f20fff  libnss_dns-2.28.so  ???
0xf7f23000 - 0xf7f29fff  gconv-modules.cache  ???
0xf7f30000 - 0xf7f31fff  linux-gate.so  ???  (WARNING: No symbols, linux-gate.so, CE44AF4D57E2768A11775791DBDFED6B0)
0xf7f32000 - 0xf7f60fff  ld-2.28.so  ???

******BACKTRACE*****
<unknown> (libcbreakpad.so) [0xf7a432b0]
<unknown> (libcbreakpad.so) [0xf7a4362b]
vserror (xmsim) [0x9715460]
serror (xmsim) [0x9716d2a]
sv_seghandler_aux (xmsim) [0x8841bc1]
sv_seghandler (xmsim) [0x88423e3]
<unknown> (linux-gate.so.1) [0xf7f31150]
ssl_run.part.0 (xmsim) [0x89d78f3]
******BACKTRACE END*****