Time resolution is 1 ps
Time: 0 | Reset signal applied, i_reset = 0
WARNING: 0ns : none of the conditions were true for unique case from File:C:/Users/youssef/Desktop/DigitalSystems/RV32I_CPU/RV32I_CPU.srcs/sources_1/new/cpu_memory_unit.sv:137
WARNING: 0ns : none of the conditions were true for unique case from File:C:/Users/youssef/Desktop/DigitalSystems/RV32I_CPU/RV32I_CPU.srcs/sources_1/new/cpu_memory_unit.sv:149
WARNING: 0ns : none of the conditions were true for unique case from File:C:/Users/youssef/Desktop/DigitalSystems/RV32I_CPU/RV32I_CPU.srcs/sources_1/new/cpu_memory_unit.sv:164
WARNING: 0ns : none of the conditions were true for unique case from File:C:/Users/youssef/Desktop/DigitalSystems/RV32I_CPU/RV32I_CPU.srcs/sources_1/new/cpu_memory_unit.sv:137
WARNING: 0ns : none of the conditions were true for unique case from File:C:/Users/youssef/Desktop/DigitalSystems/RV32I_CPU/RV32I_CPU.srcs/sources_1/new/cpu_memory_unit.sv:149
WARNING: 0ns : none of the conditions were true for unique case from File:C:/Users/youssef/Desktop/DigitalSystems/RV32I_CPU/RV32I_CPU.srcs/sources_1/new/cpu_memory_unit.sv:164
WARNING: 5ns : none of the conditions were true for unique case from File:C:/Users/youssef/Desktop/DigitalSystems/RV32I_CPU/RV32I_CPU.srcs/sources_1/new/cpu_memory_unit.sv:137
WARNING: 5ns : none of the conditions were true for unique case from File:C:/Users/youssef/Desktop/DigitalSystems/RV32I_CPU/RV32I_CPU.srcs/sources_1/new/cpu_memory_unit.sv:149
WARNING: 5ns : none of the conditions were true for unique case from File:C:/Users/youssef/Desktop/DigitalSystems/RV32I_CPU/RV32I_CPU.srcs/sources_1/new/cpu_memory_unit.sv:164
WARNING: 5ns : none of the conditions were true for unique case from File:C:/Users/youssef/Desktop/DigitalSystems/RV32I_CPU/RV32I_CPU.srcs/sources_1/new/cpu_memory_unit.sv:137
WARNING: 5ns : none of the conditions were true for unique case from File:C:/Users/youssef/Desktop/DigitalSystems/RV32I_CPU/RV32I_CPU.srcs/sources_1/new/cpu_memory_unit.sv:149
WARNING: 5ns : none of the conditions were true for unique case from File:C:/Users/youssef/Desktop/DigitalSystems/RV32I_CPU/RV32I_CPU.srcs/sources_1/new/cpu_memory_unit.sv:164
WARNING: 15ns : none of the conditions were true for unique case from File:C:/Users/youssef/Desktop/DigitalSystems/RV32I_CPU/RV32I_CPU.srcs/sources_1/new/cpu_memory_unit.sv:137
WARNING: 15ns : none of the conditions were true for unique case from File:C:/Users/youssef/Desktop/DigitalSystems/RV32I_CPU/RV32I_CPU.srcs/sources_1/new/cpu_memory_unit.sv:149
WARNING: 15ns : none of the conditions were true for unique case from File:C:/Users/youssef/Desktop/DigitalSystems/RV32I_CPU/RV32I_CPU.srcs/sources_1/new/cpu_memory_unit.sv:164
[FAKEMEM] ReadReq  block [00000000]
WARNING: 45ns : none of the conditions were true for unique case from File:C:/Users/youssef/Desktop/DigitalSystems/RV32I_CPU/RV32I_CPU.srcs/sources_1/new/cpu_memory_unit.sv:137
WARNING: 45ns : none of the conditions were true for unique case from File:C:/Users/youssef/Desktop/DigitalSystems/RV32I_CPU/RV32I_CPU.srcs/sources_1/new/cpu_memory_unit.sv:149
WARNING: 45ns : none of the conditions were true for unique case from File:C:/Users/youssef/Desktop/DigitalSystems/RV32I_CPU/RV32I_CPU.srcs/sources_1/new/cpu_memory_unit.sv:164
WARNING: 55ns : none of the conditions were true for unique case from File:C:/Users/youssef/Desktop/DigitalSystems/RV32I_CPU/RV32I_CPU.srcs/sources_1/new/cpu_memory_unit.sv:137
WARNING: 55ns : none of the conditions were true for unique case from File:C:/Users/youssef/Desktop/DigitalSystems/RV32I_CPU/RV32I_CPU.srcs/sources_1/new/cpu_memory_unit.sv:149
WARNING: 55ns : none of the conditions were true for unique case from File:C:/Users/youssef/Desktop/DigitalSystems/RV32I_CPU/RV32I_CPU.srcs/sources_1/new/cpu_memory_unit.sv:164
WARNING: 65ns : none of the conditions were true for unique case from File:C:/Users/youssef/Desktop/DigitalSystems/RV32I_CPU/RV32I_CPU.srcs/sources_1/new/cpu_memory_unit.sv:137
WARNING: 65ns : none of the conditions were true for unique case from File:C:/Users/youssef/Desktop/DigitalSystems/RV32I_CPU/RV32I_CPU.srcs/sources_1/new/cpu_memory_unit.sv:149
WARNING: 65ns : none of the conditions were true for unique case from File:C:/Users/youssef/Desktop/DigitalSystems/RV32I_CPU/RV32I_CPU.srcs/sources_1/new/cpu_memory_unit.sv:164
[FAKEMEM] ReadReq  block [00000010]
[FAKEMEM] ReadReq  block [00000020]
[FAKEMEM] ReadReq  block [00000030]
Stopped at time : 625 ns : File "C:/Users/youssef/Desktop/DigitalSystems/RV32I_CPU/RV32I_CPU.srcs/sources_1/new/instruction_decoder.sv" Line 182
Stopped at time : 625 ns : File "C:/Users/youssef/Desktop/DigitalSystems/RV32I_CPU/RV32I_CPU.srcs/sources_1/new/instruction_decoder.sv" Line 183
Stopped at time : 625 ns : File "C:/Users/youssef/Desktop/DigitalSystems/RV32I_CPU/RV32I_CPU.srcs/sources_1/new/instruction_decoder.sv" Line 184
Stopped at time : 625 ns : File "C:/Users/youssef/Desktop/DigitalSystems/RV32I_CPU/RV32I_CPU.srcs/sources_1/new/instruction_decoder.sv" Line 185
Stopped at time : 625 ns : File "C:/Users/youssef/Desktop/DigitalSystems/RV32I_CPU/RV32I_CPU.srcs/sources_1/new/instruction_decoder.sv" Line 186
Stopped at time : 625 ns : File "C:/Users/youssef/Desktop/DigitalSystems/RV32I_CPU/RV32I_CPU.srcs/sources_1/new/instruction_decoder.sv" Line 187
Stopped at time : 625 ns : File "C:/Users/youssef/Desktop/DigitalSystems/RV32I_CPU/RV32I_CPU.srcs/sources_1/new/instruction_decoder.sv" Line 188
Stopped at time : 625 ns : File "C:/Users/youssef/Desktop/DigitalSystems/RV32I_CPU/RV32I_CPU.srcs/sources_1/new/instruction_decoder.sv" Line 223
[FAKEMEM] ReadReq  block [00000040]
Time: 0 | Reset signal applied, i_reset = 0
WARNING: 0ns : none of the conditions were true for unique case from File:C:/Users/youssef/Desktop/DigitalSystems/RV32I_CPU/RV32I_CPU.srcs/sources_1/new/cpu_memory_unit.sv:137
WARNING: 0ns : none of the conditions were true for unique case from File:C:/Users/youssef/Desktop/DigitalSystems/RV32I_CPU/RV32I_CPU.srcs/sources_1/new/cpu_memory_unit.sv:149
WARNING: 0ns : none of the conditions were true for unique case from File:C:/Users/youssef/Desktop/DigitalSystems/RV32I_CPU/RV32I_CPU.srcs/sources_1/new/cpu_memory_unit.sv:164
WARNING: 0ns : none of the conditions were true for unique case from File:C:/Users/youssef/Desktop/DigitalSystems/RV32I_CPU/RV32I_CPU.srcs/sources_1/new/cpu_memory_unit.sv:137
WARNING: 0ns : none of the conditions were true for unique case from File:C:/Users/youssef/Desktop/DigitalSystems/RV32I_CPU/RV32I_CPU.srcs/sources_1/new/cpu_memory_unit.sv:149
WARNING: 0ns : none of the conditions were true for unique case from File:C:/Users/youssef/Desktop/DigitalSystems/RV32I_CPU/RV32I_CPU.srcs/sources_1/new/cpu_memory_unit.sv:164
WARNING: 5ns : none of the conditions were true for unique case from File:C:/Users/youssef/Desktop/DigitalSystems/RV32I_CPU/RV32I_CPU.srcs/sources_1/new/cpu_memory_unit.sv:137
WARNING: 5ns : none of the conditions were true for unique case from File:C:/Users/youssef/Desktop/DigitalSystems/RV32I_CPU/RV32I_CPU.srcs/sources_1/new/cpu_memory_unit.sv:149
WARNING: 5ns : none of the conditions were true for unique case from File:C:/Users/youssef/Desktop/DigitalSystems/RV32I_CPU/RV32I_CPU.srcs/sources_1/new/cpu_memory_unit.sv:164
WARNING: 5ns : none of the conditions were true for unique case from File:C:/Users/youssef/Desktop/DigitalSystems/RV32I_CPU/RV32I_CPU.srcs/sources_1/new/cpu_memory_unit.sv:137
WARNING: 5ns : none of the conditions were true for unique case from File:C:/Users/youssef/Desktop/DigitalSystems/RV32I_CPU/RV32I_CPU.srcs/sources_1/new/cpu_memory_unit.sv:149
WARNING: 5ns : none of the conditions were true for unique case from File:C:/Users/youssef/Desktop/DigitalSystems/RV32I_CPU/RV32I_CPU.srcs/sources_1/new/cpu_memory_unit.sv:164
WARNING: 15ns : none of the conditions were true for unique case from File:C:/Users/youssef/Desktop/DigitalSystems/RV32I_CPU/RV32I_CPU.srcs/sources_1/new/cpu_memory_unit.sv:137
WARNING: 15ns : none of the conditions were true for unique case from File:C:/Users/youssef/Desktop/DigitalSystems/RV32I_CPU/RV32I_CPU.srcs/sources_1/new/cpu_memory_unit.sv:149
WARNING: 15ns : none of the conditions were true for unique case from File:C:/Users/youssef/Desktop/DigitalSystems/RV32I_CPU/RV32I_CPU.srcs/sources_1/new/cpu_memory_unit.sv:164
[FAKEMEM] ReadReq  block [00000000]
WARNING: 45ns : none of the conditions were true for unique case from File:C:/Users/youssef/Desktop/DigitalSystems/RV32I_CPU/RV32I_CPU.srcs/sources_1/new/cpu_memory_unit.sv:137
WARNING: 45ns : none of the conditions were true for unique case from File:C:/Users/youssef/Desktop/DigitalSystems/RV32I_CPU/RV32I_CPU.srcs/sources_1/new/cpu_memory_unit.sv:149
WARNING: 45ns : none of the conditions were true for unique case from File:C:/Users/youssef/Desktop/DigitalSystems/RV32I_CPU/RV32I_CPU.srcs/sources_1/new/cpu_memory_unit.sv:164
WARNING: 55ns : none of the conditions were true for unique case from File:C:/Users/youssef/Desktop/DigitalSystems/RV32I_CPU/RV32I_CPU.srcs/sources_1/new/cpu_memory_unit.sv:137
WARNING: 55ns : none of the conditions were true for unique case from File:C:/Users/youssef/Desktop/DigitalSystems/RV32I_CPU/RV32I_CPU.srcs/sources_1/new/cpu_memory_unit.sv:149
WARNING: 55ns : none of the conditions were true for unique case from File:C:/Users/youssef/Desktop/DigitalSystems/RV32I_CPU/RV32I_CPU.srcs/sources_1/new/cpu_memory_unit.sv:164
WARNING: 65ns : none of the conditions were true for unique case from File:C:/Users/youssef/Desktop/DigitalSystems/RV32I_CPU/RV32I_CPU.srcs/sources_1/new/cpu_memory_unit.sv:137
WARNING: 65ns : none of the conditions were true for unique case from File:C:/Users/youssef/Desktop/DigitalSystems/RV32I_CPU/RV32I_CPU.srcs/sources_1/new/cpu_memory_unit.sv:149
WARNING: 65ns : none of the conditions were true for unique case from File:C:/Users/youssef/Desktop/DigitalSystems/RV32I_CPU/RV32I_CPU.srcs/sources_1/new/cpu_memory_unit.sv:164
[FAKEMEM] ReadReq  block [00000010]
[FAKEMEM] ReadReq  block [00000020]
[FAKEMEM] ReadReq  block [00000030]
[FAKEMEM] ReadReq  block [00000040]
Time: 0 | Reset signal applied, i_reset = 0
WARNING: 0ns : none of the conditions were true for unique case from File:C:/Users/youssef/Desktop/DigitalSystems/RV32I_CPU/RV32I_CPU.srcs/sources_1/new/cpu_memory_unit.sv:137
WARNING: 0ns : none of the conditions were true for unique case from File:C:/Users/youssef/Desktop/DigitalSystems/RV32I_CPU/RV32I_CPU.srcs/sources_1/new/cpu_memory_unit.sv:149
WARNING: 0ns : none of the conditions were true for unique case from File:C:/Users/youssef/Desktop/DigitalSystems/RV32I_CPU/RV32I_CPU.srcs/sources_1/new/cpu_memory_unit.sv:164
WARNING: 0ns : none of the conditions were true for unique case from File:C:/Users/youssef/Desktop/DigitalSystems/RV32I_CPU/RV32I_CPU.srcs/sources_1/new/cpu_memory_unit.sv:137
WARNING: 0ns : none of the conditions were true for unique case from File:C:/Users/youssef/Desktop/DigitalSystems/RV32I_CPU/RV32I_CPU.srcs/sources_1/new/cpu_memory_unit.sv:149
WARNING: 0ns : none of the conditions were true for unique case from File:C:/Users/youssef/Desktop/DigitalSystems/RV32I_CPU/RV32I_CPU.srcs/sources_1/new/cpu_memory_unit.sv:164
WARNING: 5ns : none of the conditions were true for unique case from File:C:/Users/youssef/Desktop/DigitalSystems/RV32I_CPU/RV32I_CPU.srcs/sources_1/new/cpu_memory_unit.sv:137
WARNING: 5ns : none of the conditions were true for unique case from File:C:/Users/youssef/Desktop/DigitalSystems/RV32I_CPU/RV32I_CPU.srcs/sources_1/new/cpu_memory_unit.sv:149
WARNING: 5ns : none of the conditions were true for unique case from File:C:/Users/youssef/Desktop/DigitalSystems/RV32I_CPU/RV32I_CPU.srcs/sources_1/new/cpu_memory_unit.sv:164
WARNING: 5ns : none of the conditions were true for unique case from File:C:/Users/youssef/Desktop/DigitalSystems/RV32I_CPU/RV32I_CPU.srcs/sources_1/new/cpu_memory_unit.sv:137
WARNING: 5ns : none of the conditions were true for unique case from File:C:/Users/youssef/Desktop/DigitalSystems/RV32I_CPU/RV32I_CPU.srcs/sources_1/new/cpu_memory_unit.sv:149
WARNING: 5ns : none of the conditions were true for unique case from File:C:/Users/youssef/Desktop/DigitalSystems/RV32I_CPU/RV32I_CPU.srcs/sources_1/new/cpu_memory_unit.sv:164
WARNING: 15ns : none of the conditions were true for unique case from File:C:/Users/youssef/Desktop/DigitalSystems/RV32I_CPU/RV32I_CPU.srcs/sources_1/new/cpu_memory_unit.sv:137
WARNING: 15ns : none of the conditions were true for unique case from File:C:/Users/youssef/Desktop/DigitalSystems/RV32I_CPU/RV32I_CPU.srcs/sources_1/new/cpu_memory_unit.sv:149
WARNING: 15ns : none of the conditions were true for unique case from File:C:/Users/youssef/Desktop/DigitalSystems/RV32I_CPU/RV32I_CPU.srcs/sources_1/new/cpu_memory_unit.sv:164
[FAKEMEM] ReadReq  block [00000000]
WARNING: 45ns : none of the conditions were true for unique case from File:C:/Users/youssef/Desktop/DigitalSystems/RV32I_CPU/RV32I_CPU.srcs/sources_1/new/cpu_memory_unit.sv:137
WARNING: 45ns : none of the conditions were true for unique case from File:C:/Users/youssef/Desktop/DigitalSystems/RV32I_CPU/RV32I_CPU.srcs/sources_1/new/cpu_memory_unit.sv:149
WARNING: 45ns : none of the conditions were true for unique case from File:C:/Users/youssef/Desktop/DigitalSystems/RV32I_CPU/RV32I_CPU.srcs/sources_1/new/cpu_memory_unit.sv:164
WARNING: 55ns : none of the conditions were true for unique case from File:C:/Users/youssef/Desktop/DigitalSystems/RV32I_CPU/RV32I_CPU.srcs/sources_1/new/cpu_memory_unit.sv:137
WARNING: 55ns : none of the conditions were true for unique case from File:C:/Users/youssef/Desktop/DigitalSystems/RV32I_CPU/RV32I_CPU.srcs/sources_1/new/cpu_memory_unit.sv:149
WARNING: 55ns : none of the conditions were true for unique case from File:C:/Users/youssef/Desktop/DigitalSystems/RV32I_CPU/RV32I_CPU.srcs/sources_1/new/cpu_memory_unit.sv:164
WARNING: 65ns : none of the conditions were true for unique case from File:C:/Users/youssef/Desktop/DigitalSystems/RV32I_CPU/RV32I_CPU.srcs/sources_1/new/cpu_memory_unit.sv:137
WARNING: 65ns : none of the conditions were true for unique case from File:C:/Users/youssef/Desktop/DigitalSystems/RV32I_CPU/RV32I_CPU.srcs/sources_1/new/cpu_memory_unit.sv:149
WARNING: 65ns : none of the conditions were true for unique case from File:C:/Users/youssef/Desktop/DigitalSystems/RV32I_CPU/RV32I_CPU.srcs/sources_1/new/cpu_memory_unit.sv:164
[FAKEMEM] ReadReq  block [00000010]
[FAKEMEM] ReadReq  block [00000020]
[FAKEMEM] ReadReq  block [00000030]
[FAKEMEM] ReadReq  block [00000040]
Stopped at time : 0 fs : File "C:/Users/youssef/Desktop/DigitalSystems/RV32I_CPU/RV32I_CPU.srcs/sources_1/new/cpu_memory_unit.sv" Line 82
Time: 0 | Reset signal applied, i_reset = 0
WARNING: 0ns : none of the conditions were true for unique case from File:C:/Users/youssef/Desktop/DigitalSystems/RV32I_CPU/RV32I_CPU.srcs/sources_1/new/cpu_memory_unit.sv:137
WARNING: 0ns : none of the conditions were true for unique case from File:C:/Users/youssef/Desktop/DigitalSystems/RV32I_CPU/RV32I_CPU.srcs/sources_1/new/cpu_memory_unit.sv:149
WARNING: 0ns : none of the conditions were true for unique case from File:C:/Users/youssef/Desktop/DigitalSystems/RV32I_CPU/RV32I_CPU.srcs/sources_1/new/cpu_memory_unit.sv:164
WARNING: 0ns : none of the conditions were true for unique case from File:C:/Users/youssef/Desktop/DigitalSystems/RV32I_CPU/RV32I_CPU.srcs/sources_1/new/cpu_memory_unit.sv:137
WARNING: 0ns : none of the conditions were true for unique case from File:C:/Users/youssef/Desktop/DigitalSystems/RV32I_CPU/RV32I_CPU.srcs/sources_1/new/cpu_memory_unit.sv:149
WARNING: 0ns : none of the conditions were true for unique case from File:C:/Users/youssef/Desktop/DigitalSystems/RV32I_CPU/RV32I_CPU.srcs/sources_1/new/cpu_memory_unit.sv:164
WARNING: 5ns : none of the conditions were true for unique case from File:C:/Users/youssef/Desktop/DigitalSystems/RV32I_CPU/RV32I_CPU.srcs/sources_1/new/cpu_memory_unit.sv:137
WARNING: 5ns : none of the conditions were true for unique case from File:C:/Users/youssef/Desktop/DigitalSystems/RV32I_CPU/RV32I_CPU.srcs/sources_1/new/cpu_memory_unit.sv:149
WARNING: 5ns : none of the conditions were true for unique case from File:C:/Users/youssef/Desktop/DigitalSystems/RV32I_CPU/RV32I_CPU.srcs/sources_1/new/cpu_memory_unit.sv:164
WARNING: 5ns : none of the conditions were true for unique case from File:C:/Users/youssef/Desktop/DigitalSystems/RV32I_CPU/RV32I_CPU.srcs/sources_1/new/cpu_memory_unit.sv:137
WARNING: 5ns : none of the conditions were true for unique case from File:C:/Users/youssef/Desktop/DigitalSystems/RV32I_CPU/RV32I_CPU.srcs/sources_1/new/cpu_memory_unit.sv:149
WARNING: 5ns : none of the conditions were true for unique case from File:C:/Users/youssef/Desktop/DigitalSystems/RV32I_CPU/RV32I_CPU.srcs/sources_1/new/cpu_memory_unit.sv:164
WARNING: 15ns : none of the conditions were true for unique case from File:C:/Users/youssef/Desktop/DigitalSystems/RV32I_CPU/RV32I_CPU.srcs/sources_1/new/cpu_memory_unit.sv:137
WARNING: 15ns : none of the conditions were true for unique case from File:C:/Users/youssef/Desktop/DigitalSystems/RV32I_CPU/RV32I_CPU.srcs/sources_1/new/cpu_memory_unit.sv:149
WARNING: 15ns : none of the conditions were true for unique case from File:C:/Users/youssef/Desktop/DigitalSystems/RV32I_CPU/RV32I_CPU.srcs/sources_1/new/cpu_memory_unit.sv:164
[FAKEMEM] ReadReq  block [00000000]
WARNING: 45ns : none of the conditions were true for unique case from File:C:/Users/youssef/Desktop/DigitalSystems/RV32I_CPU/RV32I_CPU.srcs/sources_1/new/cpu_memory_unit.sv:137
WARNING: 45ns : none of the conditions were true for unique case from File:C:/Users/youssef/Desktop/DigitalSystems/RV32I_CPU/RV32I_CPU.srcs/sources_1/new/cpu_memory_unit.sv:149
WARNING: 45ns : none of the conditions were true for unique case from File:C:/Users/youssef/Desktop/DigitalSystems/RV32I_CPU/RV32I_CPU.srcs/sources_1/new/cpu_memory_unit.sv:164
WARNING: 55ns : none of the conditions were true for unique case from File:C:/Users/youssef/Desktop/DigitalSystems/RV32I_CPU/RV32I_CPU.srcs/sources_1/new/cpu_memory_unit.sv:137
WARNING: 55ns : none of the conditions were true for unique case from File:C:/Users/youssef/Desktop/DigitalSystems/RV32I_CPU/RV32I_CPU.srcs/sources_1/new/cpu_memory_unit.sv:149
WARNING: 55ns : none of the conditions were true for unique case from File:C:/Users/youssef/Desktop/DigitalSystems/RV32I_CPU/RV32I_CPU.srcs/sources_1/new/cpu_memory_unit.sv:164
WARNING: 65ns : none of the conditions were true for unique case from File:C:/Users/youssef/Desktop/DigitalSystems/RV32I_CPU/RV32I_CPU.srcs/sources_1/new/cpu_memory_unit.sv:137
WARNING: 65ns : none of the conditions were true for unique case from File:C:/Users/youssef/Desktop/DigitalSystems/RV32I_CPU/RV32I_CPU.srcs/sources_1/new/cpu_memory_unit.sv:149
WARNING: 65ns : none of the conditions were true for unique case from File:C:/Users/youssef/Desktop/DigitalSystems/RV32I_CPU/RV32I_CPU.srcs/sources_1/new/cpu_memory_unit.sv:164
[FAKEMEM] ReadReq  block [00000010]
[FAKEMEM] ReadReq  block [00000020]
[FAKEMEM] ReadReq  block [00000030]
[FAKEMEM] ReadReq  block [00000040]
Stopped at time : 665 ns : File "C:/Users/youssef/Desktop/DigitalSystems/RV32I_CPU/RV32I_CPU.srcs/sources_1/new/cpu_memory_unit.sv" Line 82
Stopped at time : 665 ns : File "C:/Users/youssef/Desktop/DigitalSystems/RV32I_CPU/RV32I_CPU.srcs/sources_1/new/instruction_decoder.sv" Line 79
Stopped at time : 665 ns : File "C:/Users/youssef/Desktop/DigitalSystems/RV32I_CPU/RV32I_CPU.srcs/sim_1/new/rapid_cpu_testbench.sv" Line 34
Stopped at time : 665 ns : File "C:/Users/youssef/Desktop/DigitalSystems/RV32I_CPU/RV32I_CPU.srcs/sources_1/new/cpu_memory_unit.sv" Line 103
Stopped at time : 665 ns : File "C:/Users/youssef/Desktop/DigitalSystems/RV32I_CPU/RV32I_CPU.srcs/sources_1/new/register_file.sv" Line 41
Stopped at time : 665 ns : File "C:/Users/youssef/Desktop/DigitalSystems/RV32I_CPU/RV32I_CPU.srcs/sources_1/new/register_file.sv" Line 46
Stopped at time : 665 ns : File "C:/Users/youssef/Desktop/DigitalSystems/RV32I_CPU/RV32I_CPU.srcs/sources_1/new/register_file.sv" Line 47
Stopped at time : 665 ns : File "C:/Users/youssef/Desktop/DigitalSystems/RV32I_CPU/RV32I_CPU.srcs/sources_1/new/register_file.sv" Line 51
Stopped at time : 665 ns : File "C:/Users/youssef/Desktop/DigitalSystems/RV32I_CPU/RV32I_CPU.srcs/sources_1/new/register_file.sv" Line 54
Stopped at time : 665 ns : File "C:/Users/youssef/Desktop/DigitalSystems/RV32I_CPU/RV32I_CPU.srcs/sources_1/new/register_file.sv" Line 56
Stopped at time : 665 ns : File "C:/Users/youssef/Desktop/DigitalSystems/RV32I_CPU/RV32I_CPU.srcs/sources_1/new/register_file.sv" Line 39
Stopped at time : 665 ns : File "C:/Users/youssef/Desktop/DigitalSystems/RV32I_CPU/RV32I_CPU.srcs/sim_1/new/execute_stage.sv" Line 101
Stopped at time : 665 ns : File "C:/Users/youssef/Desktop/DigitalSystems/RV32I_CPU/RV32I_CPU.srcs/sim_1/new/execute_stage.sv" Line 117
Stopped at time : 665 ns : File "C:/Users/youssef/Desktop/DigitalSystems/RV32I_CPU/RV32I_CPU.srcs/sim_1/new/execute_stage.sv" Line 154
Stopped at time : 665 ns : File "C:/Users/youssef/Desktop/DigitalSystems/RV32I_CPU/RV32I_CPU.srcs/sim_1/new/execute_stage.sv" Line 200
Stopped at time : 665 ns : File "C:/Users/youssef/Desktop/DigitalSystems/RV32I_CPU/RV32I_CPU.srcs/sim_1/new/execute_stage.sv" Line 223
Stopped at time : 665 ns : File "C:/Users/youssef/Desktop/DigitalSystems/RV32I_CPU/RV32I_CPU.srcs/sim_1/new/execute_stage.sv" Line 236
Stopped at time : 665 ns : File "C:/Users/youssef/Desktop/DigitalSystems/RV32I_CPU/RV32I_CPU.srcs/sim_1/new/execute_stage.sv" Line 252
Stopped at time : 665 ns : File "C:/Users/youssef/Desktop/DigitalSystems/RV32I_CPU/RV32I_CPU.srcs/sim_1/new/execute_stage.sv" Line 262
Stopped at time : 665 ns : File "C:/Users/youssef/Desktop/DigitalSystems/RV32I_CPU/RV32I_CPU.srcs/sim_1/new/execute_stage.sv" Line 263
Stopped at time : 665 ns : File "C:/Users/youssef/Desktop/DigitalSystems/RV32I_CPU/RV32I_CPU.srcs/sim_1/new/execute_stage.sv" Line 264
Stopped at time : 665 ns : File "C:/Users/youssef/Desktop/DigitalSystems/RV32I_CPU/RV32I_CPU.srcs/sim_1/new/execute_stage.sv" Line 127
Stopped at time : 665 ns : File "C:/Users/youssef/Desktop/DigitalSystems/RV32I_CPU/RV32I_CPU.srcs/sim_1/new/execute_stage.sv" Line 128
Stopped at time : 665 ns : File "C:/Users/youssef/Desktop/DigitalSystems/RV32I_CPU/RV32I_CPU.srcs/sim_1/new/execute_stage.sv" Line 129
Stopped at time : 665 ns : File "C:/Users/youssef/Desktop/DigitalSystems/RV32I_CPU/RV32I_CPU.srcs/sim_1/new/execute_stage.sv" Line 99
Stopped at time : 665 ns : File "C:/Users/youssef/Desktop/DigitalSystems/RV32I_CPU/RV32I_CPU.srcs/sources_1/new/cpu_memory_unit.sv" Line 115
Stopped at time : 665 ns : File "C:/Users/youssef/Desktop/DigitalSystems/RV32I_CPU/RV32I_CPU.srcs/sources_1/new/cpu_memory_unit.sv" Line 137
Stopped at time : 665 ns : File "C:/Users/youssef/Desktop/DigitalSystems/RV32I_CPU/RV32I_CPU.srcs/sources_1/new/cpu_memory_unit.sv" Line 138
INFO: xsimkernel Simulation Memory Usage: 22768 KB (Peak: 22768 KB), Simulation CPU Usage: 81014 ms
