INFO: [VRFC 10-2263] Analyzing SystemVerilog file "C:/Users/youssef/Desktop/DigitalSystems/RV32I_CPU/RV32I_CPU.srcs/sources_1/new/rapid_pkg.sv" into library xil_defaultlib
INFO: [VRFC 10-2263] Analyzing SystemVerilog file "C:/Users/youssef/Desktop/DigitalSystems/RV32I_CPU/RV32I_CPU.srcs/sources_1/new/instruction_decoder.sv" into library xil_defaultlib
INFO: [VRFC 10-311] analyzing module instruction_decoder
INFO: [VRFC 10-2263] Analyzing SystemVerilog file "C:/Users/youssef/Desktop/DigitalSystems/RV32I_CPU/RV32I_CPU.srcs/sources_1/new/register_file.sv" into library xil_defaultlib
INFO: [VRFC 10-311] analyzing module register_file
INFO: [VRFC 10-2263] Analyzing SystemVerilog file "C:/Users/youssef/Desktop/DigitalSystems/RV32I_CPU/RV32I_CPU.srcs/sources_1/new/cpu_ifetch_unit.sv" into library xil_defaultlib
WARNING: [VRFC 10-8896] design element 'rapid_pkg' is previously defined; ignoring this definition [C:/Users/youssef/Desktop/DigitalSystems/RV32I_CPU/RV32I_CPU.srcs/sources_1/new/rapid_pkg.sv:3]
INFO: [VRFC 10-311] analyzing module dcache_dm1cycle
INFO: [VRFC 10-311] analyzing module cache_data
INFO: [VRFC 10-311] analyzing module cache_tag
INFO: [VRFC 10-311] analyzing module cpu_ifetch_unit
INFO: [VRFC 10-2263] Analyzing SystemVerilog file "C:/Users/youssef/Desktop/DigitalSystems/RV32I_CPU/RV32I_CPU.srcs/sources_1/new/memory_controller_interface.sv" into library xil_defaultlib
INFO: [VRFC 10-2263] Analyzing SystemVerilog file "C:/Users/youssef/Desktop/DigitalSystems/RV32I_CPU/RV32I_CPU.srcs/sources_1/new/cpu_memory_unit.sv" into library xil_defaultlib
INFO: [VRFC 10-311] analyzing module cpu_memory_unit
INFO: [VRFC 10-2263] Analyzing SystemVerilog file "C:/Users/youssef/Desktop/DigitalSystems/RV32I_CPU/RV32I_CPU.srcs/sources_1/new/dcache_dm1cycle.sv" into library xil_defaultlib
INFO: [VRFC 10-2263] Analyzing SystemVerilog file "C:/Users/youssef/Desktop/DigitalSystems/RV32I_CPU/RV32I_CPU.srcs/sources_1/new/dcache_interface.sv" into library xil_defaultlib
INFO: [VRFC 10-2263] Analyzing SystemVerilog file "C:/Users/youssef/Desktop/DigitalSystems/RV32I_CPU/RV32I_CPU.srcs/sources_1/new/fake_memory.sv" into library xil_defaultlib
INFO: [VRFC 10-311] analyzing module fake_memory
INFO: [VRFC 10-2263] Analyzing SystemVerilog file "C:/Users/youssef/Desktop/DigitalSystems/RV32I_CPU/RV32I_CPU.srcs/sim_1/new/execute_bench.sv" into library xil_defaultlib
INFO: [VRFC 10-311] analyzing module execute_bench
WARNING: [VRFC 10-3824] variable 'pass' must explicitly be declared as automatic or static [C:/Users/youssef/Desktop/DigitalSystems/RV32I_CPU/RV32I_CPU.srcs/sim_1/new/execute_bench.sv:108]
INFO: [VRFC 10-2263] Analyzing SystemVerilog file "C:/Users/youssef/Desktop/DigitalSystems/RV32I_CPU/RV32I_CPU.srcs/sim_1/new/decode_testbench.sv" into library xil_defaultlib
INFO: [VRFC 10-311] analyzing module decode_testbench
INFO: [VRFC 10-2263] Analyzing SystemVerilog file "C:/Users/youssef/Desktop/DigitalSystems/RV32I_CPU/RV32I_CPU.srcs/sim_1/new/execute_stage.sv" into library xil_defaultlib
INFO: [VRFC 10-311] analyzing module execute_stage
INFO: [VRFC 10-2263] Analyzing SystemVerilog file "C:/Users/youssef/Desktop/DigitalSystems/RV32I_CPU/RV32I_CPU.srcs/sim_1/new/rapid_cpu_testbench.sv" into library xil_defaultlib
INFO: [VRFC 10-311] analyzing module rapid_cpu_testbench
WARNING: [VRFC 10-2938] 'ex_pc_ext_o' is already implicitly declared on line 74 [C:/Users/youssef/Desktop/DigitalSystems/RV32I_CPU/RV32I_CPU.srcs/sim_1/new/rapid_cpu_testbench.sv:122]
WARNING: [VRFC 10-2938] 'ex_pc_load_o' is already implicitly declared on line 73 [C:/Users/youssef/Desktop/DigitalSystems/RV32I_CPU/RV32I_CPU.srcs/sim_1/new/rapid_cpu_testbench.sv:123]
INFO: [VRFC 10-2263] Analyzing SystemVerilog file "C:/Users/youssef/Desktop/DigitalSystems/RV32I_CPU/RV32I_CPU.srcs/sim_1/new/register_testbench.sv" into library xil_defaultlib
INFO: [VRFC 10-311] analyzing module register_testbench
INFO: [VRFC 10-2263] Analyzing SystemVerilog file "C:/Users/youssef/Desktop/DigitalSystems/RV32I_CPU/RV32I_CPU.srcs/sim_1/new/cpu_ifetch_unit_tb.sv" into library xil_defaultlib
INFO: [VRFC 10-311] analyzing module cpu_ifetch_unit_tb
