============================================================
  Generated by:           Genus(TM) Synthesis Solution 21.18-s082_1
  Generated on:           Jan 30 2025  08:34:57 pm
  Module:                 execute_logic
  Operating conditions:   PVT_0P9V_125C (balanced_tree)
  Wireload mode:          enclosed
  Area mode:              timing library
============================================================


Path 1: MET (0 ps) Late External Delay Assertion at pin o_pc_ext[31]
     Startpoint: (F) i_imm[1]
       Endpoint: (R) o_pc_ext[31]

                   Capture    Launch  
      Path Delay:+    5000         -  
      Drv Adjust:+       0         0  
         Arrival:=    5000            
                                      
    Output Delay:-    1000            
   Required Time:=    4000            
     Input Delay:-    1000            
       Data Path:-    3000            
           Slack:=       0            

Exceptions/Constraints:
  max_delay                5000            constraints_top.sdc_line_11       
  input_delay              1000            constraints_top.sdc_line_9_153_1  
  output_delay             1000            constraints_top.sdc_line_10_164_1 

#---------------------------------------------------------------------------------------------------
#       Timing Point        Flags    Arc   Edge   Cell     Fanout Load Trans Delay Arrival Instance 
#                                                                 (fF)  (ps)  (ps)   (ps)  Location 
#---------------------------------------------------------------------------------------------------
  i_imm[1]                  -       -      F     (arrival)      8  2.8     0     0    1000    (-,-) 
  add_120_34_g1935__5477/Y  -       A->Y   R     NOR2X1         2  0.6    51    46    1046    (-,-) 
  g23581/Y                  -       A0N->Y R     AOI2BB1X1      2  1.2    81   123    1169    (-,-) 
  add_120_34_g1844__4319/Y  -       A1->Y  F     OAI21X2        3  1.3    88   103    1272    (-,-) 
  add_120_34_g1841__2398/Y  -       A1->Y  R     AOI21X2        2  0.8    58    89    1361    (-,-) 
  add_120_34_g1836__2346/Y  -       A1->Y  F     OAI21X1        1  0.5    78    88    1449    (-,-) 
  g23585/CO                 -       CI->CO F     ADDFX1         4  1.3    59   199    1648    (-,-) 
  add_120_34_g1830__6161/Y  -       A1N->Y F     OAI2BB1X1      2  0.7    76   111    1759    (-,-) 
  add_120_34_g1826__1881/Y  -       B->Y   R     NAND2BX1       2  0.8    42    63    1822    (-,-) 
  add_120_34_g1820__2802/Y  -       A1->Y  F     OAI21X1        2  0.6    84    82    1904    (-,-) 
  add_120_34_g1816__5526/Y  -       A1N->Y F     OAI2BB1X1      1  0.5    64   116    2020    (-,-) 
  add_120_34_g1815__8428/CO -       CI->CO F     ADDFX1         2  0.7    44   184    2204    (-,-) 
  add_120_34_g1814__4319/Y  -       B->Y   R     NAND2BX1       2  0.8    36    45    2249    (-,-) 
  add_120_34_g1812__5107/Y  -       B->Y   F     NOR2X1         2  0.6    45    42    2291    (-,-) 
  add_120_34_g1810__5477/Y  -       B->Y   R     NAND2X1        1  0.4    31    41    2332    (-,-) 
  add_120_34_g1807__1666/Y  -       C0->Y  F     OAI211X1       2  0.6   146   128    2461    (-,-) 
  add_120_34_g1804__9945/Y  -       AN->Y  F     NOR2BX1        2  0.4    32   120    2580    (-,-) 
  add_120_34_g1801__4733/Y  -       AN->Y  F     NOR2BX1        2  0.5    37    72    2652    (-,-) 
  add_120_34_g1799__5115/Y  -       B->Y   R     NAND2XL        1  0.4    36    41    2693    (-,-) 
  add_120_34_g1796__7098/Y  -       C0->Y  F     OAI211X1       2  0.6   146   131    2824    (-,-) 
  add_120_34_g1793__1705/Y  -       AN->Y  F     NOR2BX1        2  0.4    32   120    2943    (-,-) 
  add_120_34_g1790__3680/Y  -       AN->Y  F     NOR2BX1        2  0.5    37    72    3015    (-,-) 
  add_120_34_g1788__5526/Y  -       B->Y   R     NAND2XL        1  0.4    36    41    3056    (-,-) 
  add_120_34_g1785__6260/Y  -       C0->Y  F     OAI211X1       2  0.7   154   136    3192    (-,-) 
  add_120_34_g1782__5477/Y  -       B->Y   R     NAND2BX1       2  0.8    55   108    3300    (-,-) 
  add_120_34_g1779__1666/Y  -       A1->Y  F     OAI221X1       1  0.5   163   175    3475    (-,-) 
  add_120_34_g1776__9945/CO -       CI->CO F     ADDFX1         1  0.4    37   226    3702    (-,-) 
  add_120_34_g1775__9315/Y  -       B->Y   R     XNOR2X1        2  1.0    39   172    3874    (-,-) 
  g23260__4319/Y            -       B1->Y  F     AOI22X2        1  0.2    89    56    3930    (-,-) 
  g23181__1617/Y            -       B->Y   R     NOR2XL         1  0.0    33    70    4000    (-,-) 
  o_pc_ext[31]              <<<     -      R     (port)         -    -     -     0    4000    (-,-) 
#---------------------------------------------------------------------------------------------------

