============================================================
  Generated by:           Genus(TM) Synthesis Solution 21.18-s082_1
  Generated on:           Jan 30 2025  08:34:57 pm
  Module:                 execute_logic
  Operating conditions:   PVT_0P9V_125C (balanced_tree)
  Wireload mode:          enclosed
  Area mode:              timing library
============================================================

Timing
-------
  Cost    Critical         Violating 
 Group   Path Slack  TNS     Paths   
-------------------------------------
default         0.0   0.0          0 
-------------------------------------
Total                 0.0          0 

Instance Count
--------------
Leaf Instance Count             1629 
Physical Instance count            0 
Sequential Instance Count         33 
Combinational Instance Count    1596 
Hierarchical Instance Count        0 

Area
----
Cell Area                          3251.052
Physical Cell Area                 0.000
Total Cell Area (Cell+Physical)    3251.052
Net Area                           0.000
Total Area (Cell+Physical+Net)     3251.052

Max Fanout                         99 (n_996)
Min Fanout                         1 (o_pc_load)
Average Fanout                     2.7
Terms to net ratio                 3.5566
Terms to instance ratio            4.0129
Runtime                            65.94358400000004 seconds
Elapsed Runtime                    86 seconds
Genus peak memory usage            1736.11 
Innovus peak memory usage          no_value 
Hostname                           net1580.net.ucf.edu
